This is pdfTeX, Version 3.141592653-2.6-1.40.22 (TeX Live 2022/dev/Debian) (preloaded format=pdflatex 2023.5.6)  29 JUN 2023 00:56
entering extended mode
 \write18 enabled.
 file:line:error style messages enabled.
 %&-line parsing enabled.
**/mnt/c/Users/lukas/studium/10-SS22/idp/slides/v1/tsp.tex
(/mnt/c/Users/lukas/studium/10-SS22/idp/slides/v1/tsp.tex
LaTeX2e <2021-11-15> patch level 1
L3 programming layer <2022-01-21> (/usr/share/texlive/texmf-dist/tex/latex/beamer/beamer.cls
Document Class: beamer 2022/01/21 v3.65 A class for typesetting presentations
(/usr/share/texlive/texmf-dist/tex/latex/beamer/beamerbasemodes.sty (/usr/share/texlive/texmf-dist/tex/latex/etoolbox/etoolbox.sty
Package: etoolbox 2020/10/05 v2.5k e-TeX tools for LaTeX (JAW)
\etb@tempcnta=\count185
)
\beamer@tempbox=\box50
\beamer@tempcount=\count186
\c@beamerpauses=\count187
 (/usr/share/texlive/texmf-dist/tex/latex/beamer/beamerbasedecode.sty
\beamer@slideinframe=\count188
\beamer@minimum=\count189
\beamer@decode@box=\box51
)
\beamer@commentbox=\box52
\beamer@modecount=\count190
) (/usr/share/texlive/texmf-dist/tex/generic/iftex/ifpdf.sty
Package: ifpdf 2019/10/25 v3.4 ifpdf legacy package. Use iftex instead.
 (/usr/share/texlive/texmf-dist/tex/generic/iftex/iftex.sty
Package: iftex 2020/03/06 v1.0d TeX engine tests
))
\headdp=\dimen138
\footheight=\dimen139
\sidebarheight=\dimen140
\beamer@tempdim=\dimen141
\beamer@finalheight=\dimen142
\beamer@animht=\dimen143
\beamer@animdp=\dimen144
\beamer@animwd=\dimen145
\beamer@leftmargin=\dimen146
\beamer@rightmargin=\dimen147
\beamer@leftsidebar=\dimen148
\beamer@rightsidebar=\dimen149
\beamer@boxsize=\dimen150
\beamer@vboxoffset=\dimen151
\beamer@descdefault=\dimen152
\beamer@descriptionwidth=\dimen153
\beamer@lastskip=\skip47
\beamer@areabox=\box53
\beamer@animcurrent=\box54
\beamer@animshowbox=\box55
\beamer@sectionbox=\box56
\beamer@logobox=\box57
\beamer@linebox=\box58
\beamer@sectioncount=\count191
\beamer@subsubsectionmax=\count192
\beamer@subsectionmax=\count193
\beamer@sectionmax=\count194
\beamer@totalheads=\count195
\beamer@headcounter=\count196
\beamer@partstartpage=\count197
\beamer@sectionstartpage=\count198
\beamer@subsectionstartpage=\count199
\beamer@animationtempa=\count266
\beamer@animationtempb=\count267
\beamer@xpos=\count268
\beamer@ypos=\count269
\beamer@ypos@offset=\count270
\beamer@showpartnumber=\count271
\beamer@currentsubsection=\count272
\beamer@coveringdepth=\count273
\beamer@sectionadjust=\count274
\beamer@toclastsection=\count275
\beamer@tocsectionnumber=\count276
 (/usr/share/texlive/texmf-dist/tex/latex/beamer/beamerbaseoptions.sty (/usr/share/texlive/texmf-dist/tex/latex/graphics/keyval.sty
Package: keyval 2014/10/28 v1.15 key=value parser (DPC)
\KV@toks@=\toks16
))
\beamer@paperwidth=\skip48
\beamer@paperheight=\skip49
 (/usr/share/texlive/texmf-dist/tex/latex/geometry/geometry.sty
Package: geometry 2020/01/02 v5.9 Page Geometry
 (/usr/share/texlive/texmf-dist/tex/generic/iftex/ifvtex.sty
Package: ifvtex 2019/10/25 v1.7 ifvtex legacy package. Use iftex instead.
)
\Gm@cnth=\count277
\Gm@cntv=\count278
\c@Gm@tempcnt=\count279
\Gm@bindingoffset=\dimen154
\Gm@wd@mp=\dimen155
\Gm@odd@mp=\dimen156
\Gm@even@mp=\dimen157
\Gm@layoutwidth=\dimen158
\Gm@layoutheight=\dimen159
\Gm@layouthoffset=\dimen160
\Gm@layoutvoffset=\dimen161
\Gm@dimlist=\toks17
) (/usr/share/texlive/texmf-dist/tex/latex/pgf/basiclayer/pgfcore.sty (/usr/share/texlive/texmf-dist/tex/latex/graphics/graphicx.sty
Package: graphicx 2021/09/16 v1.2d Enhanced LaTeX Graphics (DPC,SPQR)
 (/usr/share/texlive/texmf-dist/tex/latex/graphics/graphics.sty
Package: graphics 2021/03/04 v1.4d Standard LaTeX Graphics (DPC,SPQR)
 (/usr/share/texlive/texmf-dist/tex/latex/graphics/trig.sty
Package: trig 2021/08/11 v1.11 sin cos tan (DPC)
) (/usr/share/texlive/texmf-dist/tex/latex/graphics-cfg/graphics.cfg
File: graphics.cfg 2016/06/04 v1.11 sample graphics configuration
)
Package graphics Info: Driver file: pdftex.def on input line 107.
 (/usr/share/texlive/texmf-dist/tex/latex/graphics-def/pdftex.def
File: pdftex.def 2020/10/05 v1.2a Graphics/color driver for pdftex
))
\Gin@req@height=\dimen162
\Gin@req@width=\dimen163
) (/usr/share/texlive/texmf-dist/tex/latex/pgf/systemlayer/pgfsys.sty (/usr/share/texlive/texmf-dist/tex/latex/pgf/utilities/pgfrcs.sty (/usr/share/texlive/texmf-dist/tex/generic/pgf/utilities/pgfutil-common.tex
\pgfutil@everybye=\toks18
\pgfutil@tempdima=\dimen164
\pgfutil@tempdimb=\dimen165
 (/usr/share/texlive/texmf-dist/tex/generic/pgf/utilities/pgfutil-common-lists.tex)) (/usr/share/texlive/texmf-dist/tex/generic/pgf/utilities/pgfutil-latex.def
\pgfutil@abb=\box59
) (/usr/share/texlive/texmf-dist/tex/generic/pgf/utilities/pgfrcs.code.tex (/usr/share/texlive/texmf-dist/tex/generic/pgf/pgf.revision.tex)
Package: pgfrcs 2021/05/15 v3.1.9a (3.1.9a)
)) (/usr/share/texlive/texmf-dist/tex/generic/pgf/systemlayer/pgfsys.code.tex
Package: pgfsys 2021/05/15 v3.1.9a (3.1.9a)
 (/usr/share/texlive/texmf-dist/tex/generic/pgf/utilities/pgfkeys.code.tex
\pgfkeys@pathtoks=\toks19
\pgfkeys@temptoks=\toks20
 (/usr/share/texlive/texmf-dist/tex/generic/pgf/utilities/pgfkeysfiltered.code.tex
\pgfkeys@tmptoks=\toks21
))
\pgf@x=\dimen166
\pgf@y=\dimen167
\pgf@xa=\dimen168
\pgf@ya=\dimen169
\pgf@xb=\dimen170
\pgf@yb=\dimen171
\pgf@xc=\dimen172
\pgf@yc=\dimen173
\pgf@xd=\dimen174
\pgf@yd=\dimen175
\w@pgf@writea=\write3
\r@pgf@reada=\read2
\c@pgf@counta=\count280
\c@pgf@countb=\count281
\c@pgf@countc=\count282
\c@pgf@countd=\count283
\t@pgf@toka=\toks22
\t@pgf@tokb=\toks23
\t@pgf@tokc=\toks24
\pgf@sys@id@count=\count284
 (/usr/share/texlive/texmf-dist/tex/generic/pgf/systemlayer/pgf.cfg
File: pgf.cfg 2021/05/15 v3.1.9a (3.1.9a)
)
Driver file for pgf: pgfsys-pdftex.def
 (/usr/share/texlive/texmf-dist/tex/generic/pgf/systemlayer/pgfsys-pdftex.def
File: pgfsys-pdftex.def 2021/05/15 v3.1.9a (3.1.9a)
 (/usr/share/texlive/texmf-dist/tex/generic/pgf/systemlayer/pgfsys-common-pdf.def
File: pgfsys-common-pdf.def 2021/05/15 v3.1.9a (3.1.9a)
))) (/usr/share/texlive/texmf-dist/tex/generic/pgf/systemlayer/pgfsyssoftpath.code.tex
File: pgfsyssoftpath.code.tex 2021/05/15 v3.1.9a (3.1.9a)
\pgfsyssoftpath@smallbuffer@items=\count285
\pgfsyssoftpath@bigbuffer@items=\count286
) (/usr/share/texlive/texmf-dist/tex/generic/pgf/systemlayer/pgfsysprotocol.code.tex
File: pgfsysprotocol.code.tex 2021/05/15 v3.1.9a (3.1.9a)
)) (/usr/share/texlive/texmf-dist/tex/latex/xcolor/xcolor.sty
Package: xcolor 2021/10/31 v2.13 LaTeX color extensions (UK)
 (/usr/share/texlive/texmf-dist/tex/latex/graphics-cfg/color.cfg
File: color.cfg 2016/01/02 v1.6 sample color configuration
)
Package xcolor Info: Driver file: pdftex.def on input line 227.
Package xcolor Info: Model `cmy' substituted by `cmy0' on input line 1352.
Package xcolor Info: Model `hsb' substituted by `rgb' on input line 1356.
Package xcolor Info: Model `RGB' extended on input line 1368.
Package xcolor Info: Model `HTML' substituted by `rgb' on input line 1370.
Package xcolor Info: Model `Hsb' substituted by `hsb' on input line 1371.
Package xcolor Info: Model `tHsb' substituted by `hsb' on input line 1372.
Package xcolor Info: Model `HSB' substituted by `hsb' on input line 1373.
Package xcolor Info: Model `Gray' substituted by `gray' on input line 1374.
Package xcolor Info: Model `wave' substituted by `hsb' on input line 1375.
) (/usr/share/texlive/texmf-dist/tex/generic/pgf/basiclayer/pgfcore.code.tex
Package: pgfcore 2021/05/15 v3.1.9a (3.1.9a)
 (/usr/share/texlive/texmf-dist/tex/generic/pgf/math/pgfmath.code.tex (/usr/share/texlive/texmf-dist/tex/generic/pgf/math/pgfmathcalc.code.tex (/usr/share/texlive/texmf-dist/tex/generic/pgf/math/pgfmathutil.code.tex) (/usr/share/texlive/texmf-dist/tex/generic/pgf/math/pgfmathparser.code.tex
\pgfmath@dimen=\dimen176
\pgfmath@count=\count287
\pgfmath@box=\box60
\pgfmath@toks=\toks25
\pgfmath@stack@operand=\toks26
\pgfmath@stack@operation=\toks27
) (/usr/share/texlive/texmf-dist/tex/generic/pgf/math/pgfmathfunctions.code.tex (/usr/share/texlive/texmf-dist/tex/generic/pgf/math/pgfmathfunctions.basic.code.tex) (/usr/share/texlive/texmf-dist/tex/generic/pgf/math/pgfmathfunctions.trigonometric.code.tex) (/usr/share/texlive/texmf-dist/tex/generic/pgf/math/pgfmathfunctions.random.code.tex) (/usr/share/texlive/texmf-dist/tex/generic/pgf/math/pgfmathfunctions.comparison.code.tex) (/usr/share/texlive/texmf-dist/tex/generic/pgf/math/pgfmathfunctions.base.code.tex) (/usr/share/texlive/texmf-dist/tex/generic/pgf/math/pgfmathfunctions.round.code.tex) (/usr/share/texlive/texmf-dist/tex/generic/pgf/math/pgfmathfunctions.misc.code.tex) (/usr/share/texlive/texmf-dist/tex/generic/pgf/math/pgfmathfunctions.integerarithmetics.code.tex))) (/usr/share/texlive/texmf-dist/tex/generic/pgf/math/pgfmathfloat.code.tex
\c@pgfmathroundto@lastzeros=\count288
)) (/usr/share/texlive/texmf-dist/tex/generic/pgf/math/pgfint.code.tex) (/usr/share/texlive/texmf-dist/tex/generic/pgf/basiclayer/pgfcorepoints.code.tex
File: pgfcorepoints.code.tex 2021/05/15 v3.1.9a (3.1.9a)
\pgf@picminx=\dimen177
\pgf@picmaxx=\dimen178
\pgf@picminy=\dimen179
\pgf@picmaxy=\dimen180
\pgf@pathminx=\dimen181
\pgf@pathmaxx=\dimen182
\pgf@pathminy=\dimen183
\pgf@pathmaxy=\dimen184
\pgf@xx=\dimen185
\pgf@xy=\dimen186
\pgf@yx=\dimen187
\pgf@yy=\dimen188
\pgf@zx=\dimen189
\pgf@zy=\dimen190
) (/usr/share/texlive/texmf-dist/tex/generic/pgf/basiclayer/pgfcorepathconstruct.code.tex
File: pgfcorepathconstruct.code.tex 2021/05/15 v3.1.9a (3.1.9a)
\pgf@path@lastx=\dimen191
\pgf@path@lasty=\dimen192
) (/usr/share/texlive/texmf-dist/tex/generic/pgf/basiclayer/pgfcorepathusage.code.tex
File: pgfcorepathusage.code.tex 2021/05/15 v3.1.9a (3.1.9a)
\pgf@shorten@end@additional=\dimen193
\pgf@shorten@start@additional=\dimen194
) (/usr/share/texlive/texmf-dist/tex/generic/pgf/basiclayer/pgfcorescopes.code.tex
File: pgfcorescopes.code.tex 2021/05/15 v3.1.9a (3.1.9a)
\pgfpic=\box61
\pgf@hbox=\box62
\pgf@layerbox@main=\box63
\pgf@picture@serial@count=\count289
) (/usr/share/texlive/texmf-dist/tex/generic/pgf/basiclayer/pgfcoregraphicstate.code.tex
File: pgfcoregraphicstate.code.tex 2021/05/15 v3.1.9a (3.1.9a)
\pgflinewidth=\dimen195
) (/usr/share/texlive/texmf-dist/tex/generic/pgf/basiclayer/pgfcoretransformations.code.tex
File: pgfcoretransformations.code.tex 2021/05/15 v3.1.9a (3.1.9a)
\pgf@pt@x=\dimen196
\pgf@pt@y=\dimen197
\pgf@pt@temp=\dimen198
) (/usr/share/texlive/texmf-dist/tex/generic/pgf/basiclayer/pgfcorequick.code.tex
File: pgfcorequick.code.tex 2021/05/15 v3.1.9a (3.1.9a)
) (/usr/share/texlive/texmf-dist/tex/generic/pgf/basiclayer/pgfcoreobjects.code.tex
File: pgfcoreobjects.code.tex 2021/05/15 v3.1.9a (3.1.9a)
) (/usr/share/texlive/texmf-dist/tex/generic/pgf/basiclayer/pgfcorepathprocessing.code.tex
File: pgfcorepathprocessing.code.tex 2021/05/15 v3.1.9a (3.1.9a)
) (/usr/share/texlive/texmf-dist/tex/generic/pgf/basiclayer/pgfcorearrows.code.tex
File: pgfcorearrows.code.tex 2021/05/15 v3.1.9a (3.1.9a)
\pgfarrowsep=\dimen199
) (/usr/share/texlive/texmf-dist/tex/generic/pgf/basiclayer/pgfcoreshade.code.tex
File: pgfcoreshade.code.tex 2021/05/15 v3.1.9a (3.1.9a)
\pgf@max=\dimen256
\pgf@sys@shading@range@num=\count290
\pgf@shadingcount=\count291
) (/usr/share/texlive/texmf-dist/tex/generic/pgf/basiclayer/pgfcoreimage.code.tex
File: pgfcoreimage.code.tex 2021/05/15 v3.1.9a (3.1.9a)
 (/usr/share/texlive/texmf-dist/tex/generic/pgf/basiclayer/pgfcoreexternal.code.tex
File: pgfcoreexternal.code.tex 2021/05/15 v3.1.9a (3.1.9a)
\pgfexternal@startupbox=\box64
)) (/usr/share/texlive/texmf-dist/tex/generic/pgf/basiclayer/pgfcorelayers.code.tex
File: pgfcorelayers.code.tex 2021/05/15 v3.1.9a (3.1.9a)
) (/usr/share/texlive/texmf-dist/tex/generic/pgf/basiclayer/pgfcoretransparency.code.tex
File: pgfcoretransparency.code.tex 2021/05/15 v3.1.9a (3.1.9a)
) (/usr/share/texlive/texmf-dist/tex/generic/pgf/basiclayer/pgfcorepatterns.code.tex
File: pgfcorepatterns.code.tex 2021/05/15 v3.1.9a (3.1.9a)
) (/usr/share/texlive/texmf-dist/tex/generic/pgf/basiclayer/pgfcorerdf.code.tex
File: pgfcorerdf.code.tex 2021/05/15 v3.1.9a (3.1.9a)
))) (/usr/share/texlive/texmf-dist/tex/latex/base/size11.clo
File: size11.clo 2021/10/04 v1.4n Standard LaTeX file (size option)
) (/usr/share/texlive/texmf-dist/tex/latex/pgf/utilities/xxcolor.sty
Package: xxcolor 2003/10/24 ver 0.1
\XC@nummixins=\count292
\XC@countmixins=\count293
) (/usr/share/texlive/texmf-dist/tex/latex/base/atbegshi-ltx.sty
Package: atbegshi-ltx 2021/01/10 v1.0c Emulation of the original atbegshi
package with kernel methods
) (/usr/share/texlive/texmf-dist/tex/latex/hyperref/hyperref.sty
Package: hyperref 2021-06-07 v7.00m Hypertext links for LaTeX
 (/usr/share/texlive/texmf-dist/tex/generic/ltxcmds/ltxcmds.sty
Package: ltxcmds 2020-05-10 v1.25 LaTeX kernel commands for general use (HO)
) (/usr/share/texlive/texmf-dist/tex/generic/pdftexcmds/pdftexcmds.sty
Package: pdftexcmds 2020-06-27 v0.33 Utility functions of pdfTeX for LuaTeX (HO)
 (/usr/share/texlive/texmf-dist/tex/generic/infwarerr/infwarerr.sty
Package: infwarerr 2019/12/03 v1.5 Providing info/warning/error messages (HO)
)
Package pdftexcmds Info: \pdf@primitive is available.
Package pdftexcmds Info: \pdf@ifprimitive is available.
Package pdftexcmds Info: \pdfdraftmode found.
) (/usr/share/texlive/texmf-dist/tex/generic/kvsetkeys/kvsetkeys.sty
Package: kvsetkeys 2019/12/15 v1.18 Key value parser (HO)
) (/usr/share/texlive/texmf-dist/tex/generic/kvdefinekeys/kvdefinekeys.sty
Package: kvdefinekeys 2019-12-19 v1.6 Define keys (HO)
) (/usr/share/texlive/texmf-dist/tex/generic/pdfescape/pdfescape.sty
Package: pdfescape 2019/12/09 v1.15 Implements pdfTeX's escape features (HO)
) (/usr/share/texlive/texmf-dist/tex/latex/hycolor/hycolor.sty
Package: hycolor 2020-01-27 v1.10 Color options for hyperref/bookmark (HO)
) (/usr/share/texlive/texmf-dist/tex/latex/letltxmacro/letltxmacro.sty
Package: letltxmacro 2019/12/03 v1.6 Let assignment for LaTeX macros (HO)
) (/usr/share/texlive/texmf-dist/tex/latex/auxhook/auxhook.sty
Package: auxhook 2019-12-17 v1.6 Hooks for auxiliary files (HO)
) (/usr/share/texlive/texmf-dist/tex/latex/kvoptions/kvoptions.sty
Package: kvoptions 2020-10-07 v3.14 Key value format for package options (HO)
)
\@linkdim=\dimen257
\Hy@linkcounter=\count294
\Hy@pagecounter=\count295
 (/usr/share/texlive/texmf-dist/tex/latex/hyperref/pd1enc.def
File: pd1enc.def 2021-06-07 v7.00m Hyperref: PDFDocEncoding definition (HO)
Now handling font encoding PD1 ...
... no UTF-8 mapping file for font encoding PD1
) (/usr/share/texlive/texmf-dist/tex/latex/hyperref/hyperref-langpatches.def
File: hyperref-langpatches.def 2021-06-07 v7.00m Hyperref: patches for babel languages
) (/usr/share/texlive/texmf-dist/tex/generic/intcalc/intcalc.sty
Package: intcalc 2019/12/15 v1.3 Expandable calculations with integers (HO)
) (/usr/share/texlive/texmf-dist/tex/generic/etexcmds/etexcmds.sty
Package: etexcmds 2019/12/15 v1.7 Avoid name clashes with e-TeX commands (HO)
)
\Hy@SavedSpaceFactor=\count296
 (/usr/share/texlive/texmf-dist/tex/latex/hyperref/puenc.def
File: puenc.def 2021-06-07 v7.00m Hyperref: PDF Unicode definition (HO)
Now handling font encoding PU ...
... no UTF-8 mapping file for font encoding PU
)
Package hyperref Info: Option `bookmarks' set `true' on input line 4073.
Package hyperref Info: Option `bookmarksopen' set `true' on input line 4073.
Package hyperref Info: Option `implicit' set `false' on input line 4073.
Package hyperref Info: Hyper figures OFF on input line 4192.
Package hyperref Info: Link nesting OFF on input line 4197.
Package hyperref Info: Hyper index ON on input line 4200.
Package hyperref Info: Plain pages OFF on input line 4207.
Package hyperref Info: Backreferencing OFF on input line 4212.
Package hyperref Info: Implicit mode OFF; no redefinition of LaTeX internals.
Package hyperref Info: Bookmarks ON on input line 4445.
\c@Hy@tempcnt=\count297
 (/usr/share/texlive/texmf-dist/tex/latex/url/url.sty
\Urlmuskip=\muskip16
Package: url 2013/09/16  ver 3.4  Verb mode for urls, etc.
)
LaTeX Info: Redefining \url on input line 4804.
\XeTeXLinkMargin=\dimen258
 (/usr/share/texlive/texmf-dist/tex/generic/bitset/bitset.sty
Package: bitset 2019/12/09 v1.3 Handle bit-vector datatype (HO)
 (/usr/share/texlive/texmf-dist/tex/generic/bigintcalc/bigintcalc.sty
Package: bigintcalc 2019/12/15 v1.5 Expandable calculations on big integers (HO)
))
\Fld@menulength=\count298
\Field@Width=\dimen259
\Fld@charsize=\dimen260
Package hyperref Info: Hyper figures OFF on input line 6076.
Package hyperref Info: Link nesting OFF on input line 6081.
Package hyperref Info: Hyper index ON on input line 6084.
Package hyperref Info: backreferencing OFF on input line 6091.
Package hyperref Info: Link coloring OFF on input line 6096.
Package hyperref Info: Link coloring with OCG OFF on input line 6101.
Package hyperref Info: PDF/A mode OFF on input line 6106.
LaTeX Info: Redefining \ref on input line 6146.
LaTeX Info: Redefining \pageref on input line 6150.
\Hy@abspage=\count299


Package hyperref Message: Stopped early.

)
Package hyperref Info: Driver (autodetected): hpdftex.
 (/usr/share/texlive/texmf-dist/tex/latex/hyperref/hpdftex.def
File: hpdftex.def 2021-06-07 v7.00m Hyperref driver for pdfTeX
 (/usr/share/texlive/texmf-dist/tex/latex/base/atveryend-ltx.sty
Package: atveryend-ltx 2020/08/19 v1.0a Emulation of the original atveryend package
with kernel methods
)
\Fld@listcount=\count300
\c@bookmark@seq@number=\count301
 (/usr/share/texlive/texmf-dist/tex/latex/rerunfilecheck/rerunfilecheck.sty
Package: rerunfilecheck 2019/12/05 v1.9 Rerun checks for auxiliary files (HO)
 (/usr/share/texlive/texmf-dist/tex/generic/uniquecounter/uniquecounter.sty
Package: uniquecounter 2019/12/15 v1.4 Provide unlimited unique counter (HO)
)
Package uniquecounter Info: New unique counter `rerunfilecheck' on input line 286.
)) (/usr/share/texlive/texmf-dist/tex/latex/beamer/beamerbaserequires.sty (/usr/share/texlive/texmf-dist/tex/latex/beamer/beamerbasecompatibility.sty) (/usr/share/texlive/texmf-dist/tex/latex/beamer/beamerbasefont.sty (/usr/share/texlive/texmf-dist/tex/latex/amsfonts/amssymb.sty
Package: amssymb 2013/01/14 v3.01 AMS font symbols
 (/usr/share/texlive/texmf-dist/tex/latex/amsfonts/amsfonts.sty
Package: amsfonts 2013/01/14 v3.01 Basic AMSFonts support
\@emptytoks=\toks28
\symAMSa=\mathgroup4
\symAMSb=\mathgroup5
LaTeX Font Info:    Redeclaring math symbol \hbar on input line 98.
LaTeX Font Info:    Overwriting math alphabet `\mathfrak' in version `bold'
(Font)                  U/euf/m/n --> U/euf/b/n on input line 106.
)) (/usr/share/texlive/texmf-dist/tex/latex/sansmathaccent/sansmathaccent.sty
Package: sansmathaccent 2020/01/31
 (/usr/share/texlive/texmf-dist/tex/latex/koma-script/scrlfile.sty
Package: scrlfile 2021/11/13 v3.35 KOMA-Script package (file load hooks)
 (/usr/share/texlive/texmf-dist/tex/latex/koma-script/scrlfile-hook.sty
Package: scrlfile-hook 2021/11/13 v3.35 KOMA-Script package (using LaTeX hooks)
 (/usr/share/texlive/texmf-dist/tex/latex/koma-script/scrlogo.sty
Package: scrlogo 2021/11/13 v3.35 KOMA-Script package (logo)
))))) (/usr/share/texlive/texmf-dist/tex/latex/beamer/beamerbasetranslator.sty (/usr/share/texlive/texmf-dist/tex/latex/translator/translator.sty
Package: translator 2021-05-31 v1.12d Easy translation of strings in LaTeX
)) (/usr/share/texlive/texmf-dist/tex/latex/beamer/beamerbasemisc.sty) (/usr/share/texlive/texmf-dist/tex/latex/beamer/beamerbasetwoscreens.sty) (/usr/share/texlive/texmf-dist/tex/latex/beamer/beamerbaseoverlay.sty
\beamer@argscount=\count302
\beamer@lastskipcover=\skip50
\beamer@trivlistdepth=\count303
) (/usr/share/texlive/texmf-dist/tex/latex/beamer/beamerbasetitle.sty) (/usr/share/texlive/texmf-dist/tex/latex/beamer/beamerbasesection.sty
\c@lecture=\count304
\c@part=\count305
\c@section=\count306
\c@subsection=\count307
\c@subsubsection=\count308
) (/usr/share/texlive/texmf-dist/tex/latex/beamer/beamerbaseframe.sty
\beamer@framebox=\box65
\beamer@frametitlebox=\box66
\beamer@zoombox=\box67
\beamer@zoomcount=\count309
\beamer@zoomframecount=\count310
\beamer@frametextheight=\dimen261
\c@subsectionslide=\count311
\beamer@frametopskip=\skip51
\beamer@framebottomskip=\skip52
\beamer@frametopskipautobreak=\skip53
\beamer@framebottomskipautobreak=\skip54
\beamer@envbody=\toks29
\framewidth=\dimen262
\c@framenumber=\count312
) (/usr/share/texlive/texmf-dist/tex/latex/beamer/beamerbaseverbatim.sty
\beamer@verbatimfileout=\write4
) (/usr/share/texlive/texmf-dist/tex/latex/beamer/beamerbaseframesize.sty
\beamer@splitbox=\box68
\beamer@autobreakcount=\count313
\beamer@autobreaklastheight=\dimen263
\beamer@frametitletoks=\toks30
\beamer@framesubtitletoks=\toks31
) (/usr/share/texlive/texmf-dist/tex/latex/beamer/beamerbaseframecomponents.sty
\beamer@footins=\box69
) (/usr/share/texlive/texmf-dist/tex/latex/beamer/beamerbasecolor.sty) (/usr/share/texlive/texmf-dist/tex/latex/beamer/beamerbasenotes.sty
\beamer@frameboxcopy=\box70
) (/usr/share/texlive/texmf-dist/tex/latex/beamer/beamerbasetoc.sty) (/usr/share/texlive/texmf-dist/tex/latex/beamer/beamerbasetemplates.sty
\beamer@sbttoks=\toks32
 (/usr/share/texlive/texmf-dist/tex/latex/beamer/beamerbaseauxtemplates.sty (/usr/share/texlive/texmf-dist/tex/latex/beamer/beamerbaseboxes.sty
\bmb@box=\box71
\bmb@colorbox=\box72
\bmb@boxwidth=\dimen264
\bmb@boxheight=\dimen265
\bmb@prevheight=\dimen266
\bmb@temp=\dimen267
\bmb@dima=\dimen268
\bmb@dimb=\dimen269
\bmb@prevheight=\dimen270
)
\beamer@blockheadheight=\dimen271
)) (/usr/share/texlive/texmf-dist/tex/latex/beamer/beamerbaselocalstructure.sty (/usr/share/texlive/texmf-dist/tex/latex/tools/enumerate.sty
Package: enumerate 2015/07/23 v3.00 enumerate extensions (DPC)
\@enLab=\toks33
)
\beamer@bibiconwidth=\skip55
\c@figure=\count314
\c@table=\count315
\abovecaptionskip=\skip56
\belowcaptionskip=\skip57
) (/usr/share/texlive/texmf-dist/tex/latex/beamer/beamerbasenavigation.sty
\beamer@section@min@dim=\dimen272
) (/usr/share/texlive/texmf-dist/tex/latex/beamer/beamerbasetheorems.sty (/usr/share/texlive/texmf-dist/tex/latex/amsmath/amsmath.sty
Package: amsmath 2021/10/15 v2.17l AMS math features
\@mathmargin=\skip58

For additional information on amsmath, use the `?' option.
(/usr/share/texlive/texmf-dist/tex/latex/amsmath/amstext.sty
Package: amstext 2021/08/26 v2.01 AMS text
 (/usr/share/texlive/texmf-dist/tex/latex/amsmath/amsgen.sty
File: amsgen.sty 1999/11/30 v2.0 generic functions
\@emptytoks=\toks34
\ex@=\dimen273
)) (/usr/share/texlive/texmf-dist/tex/latex/amsmath/amsbsy.sty
Package: amsbsy 1999/11/29 v1.2d Bold Symbols
\pmbraise@=\dimen274
) (/usr/share/texlive/texmf-dist/tex/latex/amsmath/amsopn.sty
Package: amsopn 2021/08/26 v2.02 operator names
)
\inf@bad=\count316
LaTeX Info: Redefining \frac on input line 234.
\uproot@=\count317
\leftroot@=\count318
LaTeX Info: Redefining \overline on input line 399.
\classnum@=\count319
\DOTSCASE@=\count320
LaTeX Info: Redefining \ldots on input line 496.
LaTeX Info: Redefining \dots on input line 499.
LaTeX Info: Redefining \cdots on input line 620.
\Mathstrutbox@=\box73
\strutbox@=\box74
\big@size=\dimen275
LaTeX Font Info:    Redeclaring font encoding OML on input line 743.
LaTeX Font Info:    Redeclaring font encoding OMS on input line 744.
\macc@depth=\count321
\c@MaxMatrixCols=\count322
\dotsspace@=\muskip17
\c@parentequation=\count323
\dspbrk@lvl=\count324
\tag@help=\toks35
\row@=\count325
\column@=\count326
\maxfields@=\count327
\andhelp@=\toks36
\eqnshift@=\dimen276
\alignsep@=\dimen277
\tagshift@=\dimen278
\tagwidth@=\dimen279
\totwidth@=\dimen280
\lineht@=\dimen281
\@envbody=\toks37
\multlinegap=\skip59
\multlinetaggap=\skip60
\mathdisplay@stack=\toks38
LaTeX Info: Redefining \[ on input line 2938.
LaTeX Info: Redefining \] on input line 2939.
) (/usr/share/texlive/texmf-dist/tex/latex/amscls/amsthm.sty
Package: amsthm 2020/05/29 v2.20.6
\thm@style=\toks39
\thm@bodyfont=\toks40
\thm@headfont=\toks41
\thm@notefont=\toks42
\thm@headpunct=\toks43
\thm@preskip=\skip61
\thm@postskip=\skip62
\thm@headsep=\skip63
\dth@everypar=\toks44
)
\c@theorem=\count328
) (/usr/share/texlive/texmf-dist/tex/latex/beamer/beamerbasethemes.sty)) (/usr/share/texlive/texmf-dist/tex/latex/beamer/beamerthemedefault.sty (/usr/share/texlive/texmf-dist/tex/latex/beamer/beamerfontthemedefault.sty) (/usr/share/texlive/texmf-dist/tex/latex/beamer/beamercolorthemedefault.sty) (/usr/share/texlive/texmf-dist/tex/latex/beamer/beamerinnerthemedefault.sty
\beamer@dima=\dimen282
\beamer@dimb=\dimen283
) (/usr/share/texlive/texmf-dist/tex/latex/beamer/beamerouterthemedefault.sty))) (/usr/share/texlive/texmf-dist/tex/latex/base/inputenc.sty
Package: inputenc 2021/02/14 v1.3d Input encoding file
\inpenc@prehook=\toks45
\inpenc@posthook=\toks46
) (/usr/share/texlive/texmf-dist/tex/latex/biblatex/biblatex.sty
Package: biblatex 2022/02/02 v3.17 programmable bibliographies (PK/MW)
 (/usr/share/texlive/texmf-dist/tex/latex/logreq/logreq.sty
Package: logreq 2010/08/04 v1.0 xml request logger
\lrq@indent=\count329
 (/usr/share/texlive/texmf-dist/tex/latex/logreq/logreq.def
File: logreq.def 2010/08/04 v1.0 logreq spec v1.0
)) (/usr/share/texlive/texmf-dist/tex/latex/base/ifthen.sty
Package: ifthen 2020/11/24 v1.1c Standard LaTeX ifthen package (DPC)
)
\c@tabx@nest=\count330
\c@listtotal=\count331
\c@listcount=\count332
\c@liststart=\count333
\c@liststop=\count334
\c@citecount=\count335
\c@citetotal=\count336
\c@multicitecount=\count337
\c@multicitetotal=\count338
\c@instcount=\count339
\c@maxnames=\count340
\c@minnames=\count341
\c@maxitems=\count342
\c@minitems=\count343
\c@citecounter=\count344
\c@maxcitecounter=\count345
\c@savedcitecounter=\count346
\c@uniquelist=\count347
\c@uniquename=\count348
\c@refsection=\count349
\c@refsegment=\count350
\c@maxextratitle=\count351
\c@maxextratitleyear=\count352
\c@maxextraname=\count353
\c@maxextradate=\count354
\c@maxextraalpha=\count355
\c@abbrvpenalty=\count356
\c@highnamepenalty=\count357
\c@lownamepenalty=\count358
\c@maxparens=\count359
\c@parenlevel=\count360
\blx@tempcnta=\count361
\blx@tempcntb=\count362
\blx@tempcntc=\count363
\c@blx@maxsection=\count364
\c@blx@maxsegment@0=\count365
\blx@notetype=\count366
\blx@parenlevel@text=\count367
\blx@parenlevel@foot=\count368
\c@blx@sectionciteorder@0=\count369
\blx@entrysetcounter=\count370
\blx@biblioinstance=\count371
\labelnumberwidth=\skip64
\labelalphawidth=\skip65
\biblabelsep=\skip66
\bibitemsep=\skip67
\bibnamesep=\skip68
\bibinitsep=\skip69
\bibparsep=\skip70
\bibhang=\skip71
\blx@bcfin=\read3
\blx@bcfout=\write5
\blx@langwohyphens=\language49
\c@mincomprange=\count372
\c@maxcomprange=\count373
\c@mincompwidth=\count374
Package biblatex Info: Trying to load biblatex default data model...
Package biblatex Info: ... file 'blx-dm.def' found.
 (/usr/share/texlive/texmf-dist/tex/latex/biblatex/blx-dm.def
File: blx-dm.def 2022/02/02 v3.17 biblatex localization (PK/MW)
)
Package biblatex Info: Trying to load biblatex style data model...
Package biblatex Info: ... file 'authoryear.dbx' not found.
Package biblatex Info: Trying to load biblatex custom data model...
Package biblatex Info: ... file 'biblatex-dm.cfg' not found.
\c@afterword=\count375
\c@savedafterword=\count376
\c@annotator=\count377
\c@savedannotator=\count378
\c@author=\count379
\c@savedauthor=\count380
\c@bookauthor=\count381
\c@savedbookauthor=\count382
\c@commentator=\count383
\c@savedcommentator=\count384
\c@editor=\count385
\c@savededitor=\count386
\c@editora=\count387
\c@savededitora=\count388
\c@editorb=\count389
\c@savededitorb=\count390
\c@editorc=\count391
\c@savededitorc=\count392
\c@foreword=\count393
\c@savedforeword=\count394
\c@holder=\count395
\c@savedholder=\count396
\c@introduction=\count397
\c@savedintroduction=\count398
\c@namea=\count399
\c@savednamea=\count400
\c@nameb=\count401
\c@savednameb=\count402
\c@namec=\count403
\c@savednamec=\count404
\c@translator=\count405
\c@savedtranslator=\count406
\c@shortauthor=\count407
\c@savedshortauthor=\count408
\c@shorteditor=\count409
\c@savedshorteditor=\count410
\c@labelname=\count411
\c@savedlabelname=\count412
\c@institution=\count413
\c@savedinstitution=\count414
\c@lista=\count415
\c@savedlista=\count416
\c@listb=\count417
\c@savedlistb=\count418
\c@listc=\count419
\c@savedlistc=\count420
\c@listd=\count421
\c@savedlistd=\count422
\c@liste=\count423
\c@savedliste=\count424
\c@listf=\count425
\c@savedlistf=\count426
\c@location=\count427
\c@savedlocation=\count428
\c@organization=\count429
\c@savedorganization=\count430
\c@origlocation=\count431
\c@savedoriglocation=\count432
\c@origpublisher=\count433
\c@savedorigpublisher=\count434
\c@publisher=\count435
\c@savedpublisher=\count436
\c@language=\count437
\c@savedlanguage=\count438
\c@origlanguage=\count439
\c@savedoriglanguage=\count440
\c@pageref=\count441
\c@savedpageref=\count442
\shorthandwidth=\skip72
\shortjournalwidth=\skip73
\shortserieswidth=\skip74
\shorttitlewidth=\skip75
\shortauthorwidth=\skip76
\shorteditorwidth=\skip77
\locallabelnumberwidth=\skip78
\locallabelalphawidth=\skip79
\localshorthandwidth=\skip80
\localshortjournalwidth=\skip81
\localshortserieswidth=\skip82
\localshorttitlewidth=\skip83
\localshortauthorwidth=\skip84
\localshorteditorwidth=\skip85
Package biblatex Info: Trying to load compatibility code...
Package biblatex Info: ... file 'blx-compat.def' found.
 (/usr/share/texlive/texmf-dist/tex/latex/biblatex/blx-compat.def
File: blx-compat.def 2022/02/02 v3.17 biblatex compatibility (PK/MW)
)
Package biblatex Info: Trying to load generic definitions...
Package biblatex Info: ... file 'biblatex.def' found.
 (/usr/share/texlive/texmf-dist/tex/latex/biblatex/biblatex.def
File: biblatex.def 2022/02/02 v3.17 biblatex compatibility (PK/MW)
\c@textcitecount=\count443
\c@textcitetotal=\count444
\c@textcitemaxnames=\count445
\c@biburlbigbreakpenalty=\count446
\c@biburlbreakpenalty=\count447
\c@biburlnumpenalty=\count448
\c@biburlucpenalty=\count449
\c@biburllcpenalty=\count450
\biburlbigskip=\muskip18
\biburlnumskip=\muskip19
\biburlucskip=\muskip20
\biburllcskip=\muskip21
\c@smartand=\count451
)
Package biblatex Info: Trying to load bibliography style 'authoryear'...
Package biblatex Info: ... file 'authoryear.bbx' found.
 (/usr/share/texlive/texmf-dist/tex/latex/biblatex/bbx/authoryear.bbx
File: authoryear.bbx 2022/02/02 v3.17 biblatex bibliography style (PK/MW)
Package biblatex Info: Trying to load bibliography style 'standard'...
Package biblatex Info: ... file 'standard.bbx' found.
 (/usr/share/texlive/texmf-dist/tex/latex/biblatex/bbx/standard.bbx
File: standard.bbx 2022/02/02 v3.17 biblatex bibliography style (PK/MW)
\c@bbx:relatedcount=\count452
\c@bbx:relatedtotal=\count453
))
Package biblatex Info: Trying to load citation style 'authoryear'...
Package biblatex Info: ... file 'authoryear.cbx' found.
 (/usr/share/texlive/texmf-dist/tex/latex/biblatex/cbx/authoryear.cbx
File: authoryear.cbx 2022/02/02 v3.17 biblatex citation style (PK/MW)
Package biblatex Info: Redefining '\cite'.
Package biblatex Info: Redefining '\parencite'.
Package biblatex Info: Redefining '\footcite'.
Package biblatex Info: Redefining '\footcitetext'.
Package biblatex Info: Redefining '\smartcite'.
Package biblatex Info: Redefining '\textcite'.
Package biblatex Info: Redefining '\textcites'.
)
Package biblatex Info: Trying to load configuration file...
Package biblatex Info: ... file 'biblatex.cfg' found.
 (/usr/share/texlive/texmf-dist/tex/latex/biblatex/biblatex.cfg
File: biblatex.cfg 
)
Package biblatex Info: Input encoding 'utf8' detected.
Package biblatex Info: Document encoding is UTF8 ....
 (/usr/share/texlive/texmf-dist/tex/latex/l3kernel/expl3.sty
Package: expl3 2022-01-21 L3 programming layer (loader) 
 (/usr/share/texlive/texmf-dist/tex/latex/l3backend/l3backend-pdftex.def
File: l3backend-pdftex.def 2022-01-12 L3 backend support: PDF output (pdfTeX)
\l__color_backend_stack_int=\count454
\l__pdf_internal_box=\box75
))
Package biblatex Info: ... and expl3
(biblatex)             2022-01-21 L3 programming layer (loader) 
(biblatex)             is new enough (at least 2020/04/06),
(biblatex)             setting 'casechanger=expl3'.
 (/usr/share/texlive/texmf-dist/tex/latex/biblatex/blx-case-expl3.sty (/usr/share/texlive/texmf-dist/tex/latex/l3packages/xparse/xparse.sty
Package: xparse 2022-01-12 L3 Experimental document command parser
)
Package: blx-case-expl3 2022/02/02 v3.17 expl3 case changing code for biblatex
)) (/usr/share/texlive/texmf-dist/tex/generic/ulem/ulem.sty
\UL@box=\box76
\UL@hyphenbox=\box77
\UL@skip=\skip86
\UL@hook=\toks47
\UL@height=\dimen284
\UL@pe=\count455
\UL@pixel=\dimen285
\ULC@box=\box78
Package: ulem 2019/11/18
\ULdepth=\dimen286
) (/usr/share/texlive/texmf-dist/tex/latex/mathtools/mathtools.sty
Package: mathtools 2021/02/02 v1.28 mathematical typesetting tools
 (/usr/share/texlive/texmf-dist/tex/latex/tools/calc.sty
Package: calc 2017/05/25 v4.3 Infix arithmetic (KKT,FJ)
\calc@Acount=\count456
\calc@Bcount=\count457
\calc@Adimen=\dimen287
\calc@Bdimen=\dimen288
\calc@Askip=\skip87
\calc@Bskip=\skip88
LaTeX Info: Redefining \setlength on input line 80.
LaTeX Info: Redefining \addtolength on input line 81.
\calc@Ccount=\count458
\calc@Cskip=\skip89
) (/usr/share/texlive/texmf-dist/tex/latex/mathtools/mhsetup.sty
Package: mhsetup 2021/03/18 v1.4 programming setup (MH)
)
\g_MT_multlinerow_int=\count459
\l_MT_multwidth_dim=\dimen289
\origjot=\skip90
\l_MT_shortvdotswithinadjustabove_dim=\dimen290
\l_MT_shortvdotswithinadjustbelow_dim=\dimen291
\l_MT_above_intertext_sep=\dimen292
\l_MT_below_intertext_sep=\dimen293
\l_MT_above_shortintertext_sep=\dimen294
\l_MT_below_shortintertext_sep=\dimen295
\xmathstrut@box=\box79
\xmathstrut@dim=\dimen296
) (/usr/share/texlive/texmf-dist/tex/latex/pgf/frontendlayer/tikz.sty (/usr/share/texlive/texmf-dist/tex/latex/pgf/basiclayer/pgf.sty
Package: pgf 2021/05/15 v3.1.9a (3.1.9a)
 (/usr/share/texlive/texmf-dist/tex/generic/pgf/modules/pgfmoduleshapes.code.tex
File: pgfmoduleshapes.code.tex 2021/05/15 v3.1.9a (3.1.9a)
\pgfnodeparttextbox=\box80
) (/usr/share/texlive/texmf-dist/tex/generic/pgf/modules/pgfmoduleplot.code.tex
File: pgfmoduleplot.code.tex 2021/05/15 v3.1.9a (3.1.9a)
) (/usr/share/texlive/texmf-dist/tex/latex/pgf/compatibility/pgfcomp-version-0-65.sty
Package: pgfcomp-version-0-65 2021/05/15 v3.1.9a (3.1.9a)
\pgf@nodesepstart=\dimen297
\pgf@nodesepend=\dimen298
) (/usr/share/texlive/texmf-dist/tex/latex/pgf/compatibility/pgfcomp-version-1-18.sty
Package: pgfcomp-version-1-18 2021/05/15 v3.1.9a (3.1.9a)
)) (/usr/share/texlive/texmf-dist/tex/latex/pgf/utilities/pgffor.sty (/usr/share/texlive/texmf-dist/tex/latex/pgf/utilities/pgfkeys.sty (/usr/share/texlive/texmf-dist/tex/generic/pgf/utilities/pgfkeys.code.tex)) (/usr/share/texlive/texmf-dist/tex/latex/pgf/math/pgfmath.sty (/usr/share/texlive/texmf-dist/tex/generic/pgf/math/pgfmath.code.tex)) (/usr/share/texlive/texmf-dist/tex/generic/pgf/utilities/pgffor.code.tex
Package: pgffor 2021/05/15 v3.1.9a (3.1.9a)
 (/usr/share/texlive/texmf-dist/tex/generic/pgf/math/pgfmath.code.tex)
\pgffor@iter=\dimen299
\pgffor@skip=\dimen300
\pgffor@stack=\toks48
\pgffor@toks=\toks49
)) (/usr/share/texlive/texmf-dist/tex/generic/pgf/frontendlayer/tikz/tikz.code.tex
Package: tikz 2021/05/15 v3.1.9a (3.1.9a)
 (/usr/share/texlive/texmf-dist/tex/generic/pgf/libraries/pgflibraryplothandlers.code.tex
File: pgflibraryplothandlers.code.tex 2021/05/15 v3.1.9a (3.1.9a)
\pgf@plot@mark@count=\count460
\pgfplotmarksize=\dimen301
)
\tikz@lastx=\dimen302
\tikz@lasty=\dimen303
\tikz@lastxsaved=\dimen304
\tikz@lastysaved=\dimen305
\tikz@lastmovetox=\dimen306
\tikz@lastmovetoy=\dimen307
\tikzleveldistance=\dimen308
\tikzsiblingdistance=\dimen309
\tikz@figbox=\box81
\tikz@figbox@bg=\box82
\tikz@tempbox=\box83
\tikz@tempbox@bg=\box84
\tikztreelevel=\count461
\tikznumberofchildren=\count462
\tikznumberofcurrentchild=\count463
\tikz@fig@count=\count464
 (/usr/share/texlive/texmf-dist/tex/generic/pgf/modules/pgfmodulematrix.code.tex
File: pgfmodulematrix.code.tex 2021/05/15 v3.1.9a (3.1.9a)
\pgfmatrixcurrentrow=\count465
\pgfmatrixcurrentcolumn=\count466
\pgf@matrix@numberofcolumns=\count467
)
\tikz@expandcount=\count468
 (/usr/share/texlive/texmf-dist/tex/generic/pgf/frontendlayer/tikz/libraries/tikzlibrarytopaths.code.tex
File: tikzlibrarytopaths.code.tex 2021/05/15 v3.1.9a (3.1.9a)
))) (/usr/share/texlive/texmf-dist/tex/generic/pgf/frontendlayer/tikz/libraries/tikzlibraryscopes.code.tex
File: tikzlibraryscopes.code.tex 2021/05/15 v3.1.9a (3.1.9a)
) (/usr/share/texlive/texmf-dist/tex/generic/pgf/frontendlayer/tikz/libraries/tikzlibrarycalc.code.tex
File: tikzlibrarycalc.code.tex 2021/05/15 v3.1.9a (3.1.9a)
) (/usr/share/texlive/texmf-dist/tex/generic/pgf/frontendlayer/tikz/libraries/tikzlibraryshapes.misc.code.tex
File: tikzlibraryshapes.misc.code.tex 2021/05/15 v3.1.9a (3.1.9a)
 (/usr/share/texlive/texmf-dist/tex/generic/pgf/libraries/shapes/pgflibraryshapes.misc.code.tex
File: pgflibraryshapes.misc.code.tex 2021/05/15 v3.1.9a (3.1.9a)
)) (/usr/share/texlive/texmf-dist/tex/generic/pgf/frontendlayer/tikz/libraries/tikzlibrarybending.code.tex
File: tikzlibrarybending.code.tex 2021/05/15 v3.1.9a (3.1.9a)
 (/usr/share/texlive/texmf-dist/tex/generic/pgf/modules/pgfmodulebending.code.tex
File: pgfmodulebending.code.tex 2021/05/15 v3.1.9a (3.1.9a)
 (/usr/share/texlive/texmf-dist/tex/generic/pgf/modules/pgfmodulenonlineartransformations.code.tex
File: pgfmodulenonlineartransformations.code.tex 2021/05/15 v3.1.9a (3.1.9a)
\pgftransformnonlinearflatness=\dimen310
) (/usr/share/texlive/texmf-dist/tex/generic/pgf/libraries/pgflibrarycurvilinear.code.tex
File: pgflibrarycurvilinear.code.tex 2021/05/15 v3.1.9a (3.1.9a)
\pgf@curvilinear@time@a=\dimen311
\pgf@curvilinear@length@a=\dimen312
\pgf@curvilinear@length@b=\dimen313
\pgf@curvilinear@length@c=\dimen314
\pgf@curvilinear@length@d=\dimen315
)
\pgf@arrows@the@rigidity=\dimen316
)) (/usr/share/texlive/texmf-dist/tex/generic/pgf/frontendlayer/tikz/libraries/tikzlibrarypositioning.code.tex
File: tikzlibrarypositioning.code.tex 2021/05/15 v3.1.9a (3.1.9a)
) (/usr/share/texlive/texmf-dist/tex/generic/pgf/frontendlayer/tikz/libraries/tikzlibraryintersections.code.tex (/usr/share/texlive/texmf-dist/tex/generic/pgf/libraries/pgflibraryintersections.code.tex (/usr/share/texlive/texmf-dist/tex/generic/pgf/libraries/pgflibraryfpu.code.tex)
\pgf@intersect@solutions=\count469
)) (/usr/share/texlive/texmf-dist/tex/generic/pgf/frontendlayer/tikz/libraries/tikzlibrarythrough.code.tex
File: tikzlibrarythrough.code.tex 2021/05/15 v3.1.9a (3.1.9a)
) (/usr/share/texlive/texmf-dist/tex/generic/pgf/frontendlayer/tikz/libraries/tikzlibrarybackgrounds.code.tex
File: tikzlibrarybackgrounds.code.tex 2021/05/15 v3.1.9a (3.1.9a)
\pgf@layerbox@background=\box85
\pgf@layerboxsaved@background=\box86
) (/usr/share/texlive/texmf-dist/tex/latex/float/float.sty
Package: float 2001/11/08 v1.3d Float enhancements (AL)
\c@float@type=\count470
\float@exts=\toks50
\float@box=\box87
\@float@everytoks=\toks51
\@floatcapt=\box88
) (/usr/share/texlive/texmf-dist/tex/latex/tools/verbatim.sty
Package: verbatim 2020-07-07 v1.5u LaTeX2e package for verbatim enhancements
\every@verbatim=\toks52
\verbatim@line=\toks53
\verbatim@in@stream=\read4
) (/usr/share/texlive/texmf-dist/tex/latex/datetime/datetime.sty
Package: datetime 2015/03/20 v2.60 Date Time Package
 (/usr/share/texlive/texmf-dist/tex/latex/fmtcount/fmtcount.sty
Package: fmtcount 2020/01/30 v3.07
 (/usr/share/texlive/texmf-dist/tex/latex/xkeyval/xkeyval.sty
Package: xkeyval 2020/11/20 v2.8 package option processing (HA)
 (/usr/share/texlive/texmf-dist/tex/generic/xkeyval/xkeyval.tex (/usr/share/texlive/texmf-dist/tex/generic/xkeyval/xkvutils.tex
\XKV@toks=\toks54
\XKV@tempa@toks=\toks55
)
\XKV@depth=\count471
File: xkeyval.tex 2014/12/03 v2.7a key=value parser (HA)
)) (/usr/share/texlive/texmf-dist/tex/latex/fmtcount/fcprefix.sty
Package: fcprefix 2012/09/28
 (/usr/share/texlive/texmf-dist/tex/latex/fmtcount/fcnumparser.sty
Package: fcnumparser 2017/06/15
\fc@digit@counter=\count472
))
\c@padzeroesN=\count473
\fc@tmpcatcode=\count474
\@DT@modctr=\count475
\@ordinalctr=\count476
\@orgargctr=\count477
\@strctr=\count478
\@tmpstrctr=\count479
\@DT@loopN=\count480
\@DT@X=\count481
) (/usr/share/texlive/texmf-dist/tex/latex/datetime/datetime-defaults.sty
Package: datetime-defaults 2013/09/10
)
\@day=\count482
\@month=\count483
\@year=\count484
\c@HOUR=\count485
\c@HOURXII=\count486
\c@MINUTE=\count487
\c@TOHOUR=\count488
\c@TOMINUTE=\count489
\c@SECOND=\count490
\currenthour=\count491
\currentminute=\count492
\currentsecond=\count493
Package datetime Info: No datetime.cfg file found, using default settings on input line 308.
\@dtctr=\count494
\dayofyear=\count495
\dayofweek=\count496
LaTeX Info: Redefining \today on input line 736.
\dt@a=\toks56
\dt@b=\toks57
) (/usr/share/texlive/texmf-dist/tex/latex/transparent/transparent.sty
Package: transparent 2019/11/29 v1.4 Transparency via pdfTeX's color stack (HO)
) (/usr/share/texlive/texmf-dist/tex/latex/tools/array.sty
Package: array 2021/10/04 v2.5f Tabular extension package (FMi)
\col@sep=\dimen317
\ar@mcellbox=\box89
\extrarowheight=\dimen318
\NC@list=\toks58
\extratabsurround=\skip91
\backup@length=\skip92
\ar@cellbox=\box90
) (/usr/share/texlive/texmf-dist/tex/latex/makecell/makecell.sty
Package: makecell 2009/08/03 V0.1e Managing of Tab Column Heads and Cells
\rotheadsize=\dimen319
\c@nlinenum=\count497
\TeXr@lab=\toks59
) (./macros.tex)
\@quotelevel=\count498
\@quotereset=\count499


Package biblatex Warning: Conflicting options.
(biblatex)                '<namepart>inits' conflicts with 'uniquename=full'.
(biblatex)                Setting 'uniquename=init' on input line 154.

(build/tsp.aux)
\openout1 = `tsp.aux'.

LaTeX Font Info:    Checking defaults for OML/cmm/m/it on input line 154.
LaTeX Font Info:    ... okay on input line 154.
LaTeX Font Info:    Checking defaults for OMS/cmsy/m/n on input line 154.
LaTeX Font Info:    ... okay on input line 154.
LaTeX Font Info:    Checking defaults for OT1/cmr/m/n on input line 154.
LaTeX Font Info:    ... okay on input line 154.
LaTeX Font Info:    Checking defaults for T1/cmr/m/n on input line 154.
LaTeX Font Info:    ... okay on input line 154.
LaTeX Font Info:    Checking defaults for TS1/cmr/m/n on input line 154.
LaTeX Font Info:    ... okay on input line 154.
LaTeX Font Info:    Checking defaults for OMX/cmex/m/n on input line 154.
LaTeX Font Info:    ... okay on input line 154.
LaTeX Font Info:    Checking defaults for U/cmr/m/n on input line 154.
LaTeX Font Info:    ... okay on input line 154.
LaTeX Font Info:    Checking defaults for PD1/pdf/m/n on input line 154.
LaTeX Font Info:    ... okay on input line 154.
LaTeX Font Info:    Checking defaults for PU/pdf/m/n on input line 154.
LaTeX Font Info:    ... okay on input line 154.

*geometry* driver: auto-detecting
*geometry* detected driver: pdftex
*geometry* verbose mode - [ preamble ] result:
* driver: pdftex
* paper: custom
* layout: <same size as paper>
* layoutoffset:(h,v)=(0.0pt,0.0pt)
* modes: includehead includefoot 
* h-part:(L,W,R)=(28.45274pt, 341.43309pt, 28.45274pt)
* v-part:(T,H,B)=(0.0pt, 298.75394pt, 0.0pt)
* \paperwidth=398.33858pt
* \paperheight=298.75394pt
* \textwidth=341.43309pt
* \textheight=270.30121pt
* \oddsidemargin=-43.81725pt
* \evensidemargin=-43.81725pt
* \topmargin=-72.26999pt
* \headheight=14.22636pt
* \headsep=0.0pt
* \topskip=11.0pt
* \footskip=14.22636pt
* \marginparwidth=4.0pt
* \marginparsep=10.0pt
* \columnsep=10.0pt
* \skip\footins=10.0pt plus 4.0pt minus 2.0pt
* \hoffset=0.0pt
* \voffset=0.0pt
* \mag=1000
* \@twocolumnfalse
* \@twosidefalse
* \@mparswitchfalse
* \@reversemarginfalse
* (1in=72.27pt=25.4mm, 1cm=28.453pt)

(/usr/share/texlive/texmf-dist/tex/context/base/mkii/supp-pdf.mkii
[Loading MPS to PDF converter (version 2006.09.02).]
\scratchcounter=\count500
\scratchdimen=\dimen320
\scratchbox=\box91
\nofMPsegments=\count501
\nofMParguments=\count502
\everyMPshowfont=\toks60
\MPscratchCnt=\count503
\MPscratchDim=\dimen321
\MPnumerator=\count504
\makeMPintoPDFobject=\count505
\everyMPtoPDFconversion=\toks61
) (/usr/share/texlive/texmf-dist/tex/latex/epstopdf-pkg/epstopdf-base.sty
Package: epstopdf-base 2020-01-24 v2.11 Base part for package epstopdf
Package epstopdf-base Info: Redefining graphics rule for `.eps' on input line 485.
 (/usr/share/texlive/texmf-dist/tex/latex/latexconfig/epstopdf-sys.cfg
File: epstopdf-sys.cfg 2010/07/13 v1.3 Configuration of (r)epstopdf for TeX Live
))
Package hyperref Info: Link coloring OFF on input line 154.
 (/usr/share/texlive/texmf-dist/tex/latex/hyperref/nameref.sty
Package: nameref 2021-04-02 v2.47 Cross-referencing by name of section
 (/usr/share/texlive/texmf-dist/tex/latex/refcount/refcount.sty
Package: refcount 2019/12/15 v3.6 Data extraction from label references (HO)
) (/usr/share/texlive/texmf-dist/tex/generic/gettitlestring/gettitlestring.sty
Package: gettitlestring 2019/12/15 v1.6 Cleanup title references (HO)
)
\c@section@level=\count506
)
LaTeX Info: Redefining \ref on input line 154.
LaTeX Info: Redefining \pageref on input line 154.
LaTeX Info: Redefining \nameref on input line 154.
 (build/tsp.out) (build/tsp.out)
\@outlinefile=\write6
\openout6 = `tsp.out'.

LaTeX Font Info:    Overwriting symbol font `operators' in version `normal'
(Font)                  OT1/cmr/m/n --> OT1/cmss/m/n on input line 154.
LaTeX Font Info:    Overwriting symbol font `operators' in version `bold'
(Font)                  OT1/cmr/bx/n --> OT1/cmss/b/n on input line 154.
\symnumbers=\mathgroup6
\sympureletters=\mathgroup7
LaTeX Font Info:    Overwriting math alphabet `\mathrm' in version `normal'
(Font)                  OT1/cmss/m/n --> OT1/cmr/m/n on input line 154.
LaTeX Font Info:    Redeclaring math alphabet \mathbf on input line 154.
LaTeX Font Info:    Overwriting math alphabet `\mathbf' in version `normal'
(Font)                  OT1/cmr/bx/n --> OT1/cmss/b/n on input line 154.
LaTeX Font Info:    Overwriting math alphabet `\mathbf' in version `bold'
(Font)                  OT1/cmr/bx/n --> OT1/cmss/b/n on input line 154.
LaTeX Font Info:    Redeclaring math alphabet \mathsf on input line 154.
LaTeX Font Info:    Overwriting math alphabet `\mathsf' in version `normal'
(Font)                  OT1/cmss/m/n --> OT1/cmss/m/n on input line 154.
LaTeX Font Info:    Overwriting math alphabet `\mathsf' in version `bold'
(Font)                  OT1/cmss/bx/n --> OT1/cmss/m/n on input line 154.
LaTeX Font Info:    Redeclaring math alphabet \mathit on input line 154.
LaTeX Font Info:    Overwriting math alphabet `\mathit' in version `normal'
(Font)                  OT1/cmr/m/it --> OT1/cmss/m/it on input line 154.
LaTeX Font Info:    Overwriting math alphabet `\mathit' in version `bold'
(Font)                  OT1/cmr/bx/it --> OT1/cmss/m/it on input line 154.
LaTeX Font Info:    Redeclaring math alphabet \mathtt on input line 154.
LaTeX Font Info:    Overwriting math alphabet `\mathtt' in version `normal'
(Font)                  OT1/cmtt/m/n --> OT1/cmtt/m/n on input line 154.
LaTeX Font Info:    Overwriting math alphabet `\mathtt' in version `bold'
(Font)                  OT1/cmtt/m/n --> OT1/cmtt/m/n on input line 154.
LaTeX Font Info:    Overwriting symbol font `numbers' in version `bold'
(Font)                  OT1/cmss/m/n --> OT1/cmss/b/n on input line 154.
LaTeX Font Info:    Overwriting symbol font `pureletters' in version `bold'
(Font)                  OT1/cmss/m/it --> OT1/cmss/b/it on input line 154.
LaTeX Font Info:    Overwriting math alphabet `\mathrm' in version `bold'
(Font)                  OT1/cmss/b/n --> OT1/cmr/b/n on input line 154.
LaTeX Font Info:    Overwriting math alphabet `\mathbf' in version `bold'
(Font)                  OT1/cmss/b/n --> OT1/cmss/b/n on input line 154.
LaTeX Font Info:    Overwriting math alphabet `\mathsf' in version `bold'
(Font)                  OT1/cmss/m/n --> OT1/cmss/b/n on input line 154.
LaTeX Font Info:    Overwriting math alphabet `\mathit' in version `bold'
(Font)                  OT1/cmss/m/it --> OT1/cmss/b/it on input line 154.
LaTeX Font Info:    Overwriting math alphabet `\mathtt' in version `bold'
(Font)                  OT1/cmtt/m/n --> OT1/cmtt/b/n on input line 154.
LaTeX Font Info:    Redeclaring symbol font `pureletters' on input line 154.
LaTeX Font Info:    Overwriting symbol font `pureletters' in version `normal'
(Font)                  OT1/cmss/m/it --> OT1/mathkerncmss/m/sl on input line 154.
LaTeX Font Info:    Overwriting symbol font `pureletters' in version `bold'
(Font)                  OT1/cmss/b/it --> OT1/mathkerncmss/m/sl on input line 154.
LaTeX Font Info:    Overwriting symbol font `pureletters' in version `bold'
(Font)                  OT1/mathkerncmss/m/sl --> OT1/mathkerncmss/bx/sl on input line 154.
 (/usr/share/texlive/texmf-dist/tex/latex/translator/translator-basic-dictionary-English.dict
Dictionary: translator-basic-dictionary, Language: English 
) (/usr/share/texlive/texmf-dist/tex/latex/translator/translator-bibliography-dictionary-English.dict
Dictionary: translator-bibliography-dictionary, Language: English 
) (/usr/share/texlive/texmf-dist/tex/latex/translator/translator-environment-dictionary-English.dict
Dictionary: translator-environment-dictionary, Language: English 
) (/usr/share/texlive/texmf-dist/tex/latex/translator/translator-months-dictionary-English.dict
Dictionary: translator-months-dictionary, Language: English 
) (/usr/share/texlive/texmf-dist/tex/latex/translator/translator-numbers-dictionary-English.dict
Dictionary: translator-numbers-dictionary, Language: English 
) (/usr/share/texlive/texmf-dist/tex/latex/translator/translator-theorem-dictionary-English.dict
Dictionary: translator-theorem-dictionary, Language: English 
)
Package biblatex Info: Trying to load language 'english'...
Package biblatex Info: ... file 'english.lbx' found.
 (/usr/share/texlive/texmf-dist/tex/latex/biblatex/lbx/english.lbx
File: english.lbx 2022/02/02 v3.17 biblatex localization (PK/MW)
)
Package biblatex Info: Input encoding 'utf8' detected.
Package biblatex Info: Automatic encoding selection.
(biblatex)             Assuming data encoding 'utf8'.
\openout5 = `tsp.bcf'.

Package biblatex Info: Trying to load bibliographic data...
Package biblatex Info: ... file 'tsp.bbl' found.
 (build/tsp.bbl)
Package biblatex Info: Reference section=0 on input line 154.
Package biblatex Info: Reference segment=0 on input line 154.
 (/usr/share/texlive/texmf-dist/tex/latex/fmtcount/fc-english.def
File: fc-english.def 2016/01/12
) (build/tsp.nav)
LaTeX Font Info:    Trying to load font information for U+msa on input line 156.
 (/usr/share/texlive/texmf-dist/tex/latex/amsfonts/umsa.fd
File: umsa.fd 2013/01/14 v3.01 AMS symbols A
)
LaTeX Font Info:    Trying to load font information for U+msb on input line 156.
 (/usr/share/texlive/texmf-dist/tex/latex/amsfonts/umsb.fd
File: umsb.fd 2013/01/14 v3.01 AMS symbols B
)
LaTeX Font Info:    Trying to load font information for OT1+mathkerncmss on input line 156.
 (/usr/share/texlive/texmf-dist/tex/latex/sansmathaccent/ot1mathkerncmss.fd
File: ot1mathkerncmss.fd 2020/01/31 Fontinst v1.933 font definitions for OT1/mathkerncmss.
) [1

{/var/lib/texmf/fonts/map/pdftex/updmap/pdftex.map}]

LaTeX Font Warning: Font shape `OT1/cmss/m/sc' in size <10.95> not available
(Font)              Font shape `OT1/cmr/m/sc' tried instead on input line 211.

(./tikz/tsp-example/illustration0.tex)
Overfull \hbox (20.56834pt too wide) in paragraph at lines 24--211
 [] 
 []

(./tikz/tsp-example/illustration1.tex)
Overfull \hbox (20.56834pt too wide) in paragraph at lines 29--211
 [] 
 []


LaTeX Font Warning: Font shape `OT1/cmss/m/sc' in size <12> not available
(Font)              Font shape `OT1/cmr/m/sc' tried instead on input line 211.


LaTeX Font Warning: Font shape `OT1/cmss/m/scit' undefined
(Font)              using `OT1/cmss/m/sc' instead on input line 211.


LaTeX Font Warning: Font shape `OT1/cmss/m/scit' undefined
(Font)              using `OT1/cmss/m/sc' instead on input line 211.

[2

] (./tikz/tsp-example/illustration0.tex)
Overfull \hbox (20.56834pt too wide) in paragraph at lines 24--211
 [] 
 []

(./tikz/tsp-example/illustration1.tex)
Overfull \hbox (20.56834pt too wide) in paragraph at lines 29--211
 [] 
 []


LaTeX Font Warning: Font shape `OT1/cmss/m/scit' undefined
(Font)              using `OT1/cmss/m/sc' instead on input line 211.


LaTeX Font Warning: Font shape `OT1/cmss/m/scit' undefined
(Font)              using `OT1/cmss/m/sc' instead on input line 211.

[3

] (./tikz/tsp-example/illustration0.tex)
Overfull \hbox (20.56834pt too wide) in paragraph at lines 24--211
 [] 
 []

(./tikz/tsp-example/illustration1.tex)
Overfull \hbox (20.56834pt too wide) in paragraph at lines 29--211
 [] 
 []


LaTeX Font Warning: Font shape `OT1/cmss/m/scit' undefined
(Font)              using `OT1/cmss/m/sc' instead on input line 211.


LaTeX Font Warning: Font shape `OT1/cmss/m/scit' undefined
(Font)              using `OT1/cmss/m/sc' instead on input line 211.

[4

] (./tikz/tsp-example/illustration0.tex)
Overfull \hbox (20.56834pt too wide) in paragraph at lines 24--211
 [] 
 []

(./tikz/tsp-example/illustration1.tex)
Overfull \hbox (20.56834pt too wide) in paragraph at lines 29--211
 [] 
 []


LaTeX Font Warning: Font shape `OT1/cmss/m/scit' undefined
(Font)              using `OT1/cmss/m/sc' instead on input line 211.


LaTeX Font Warning: Font shape `OT1/cmss/m/scit' undefined
(Font)              using `OT1/cmss/m/sc' instead on input line 211.

[5

] (./tikz/tsp-example/illustration0.tex)
Overfull \hbox (20.56834pt too wide) in paragraph at lines 24--211
 [] 
 []

(./tikz/tsp-example/illustration1.tex)
Overfull \hbox (20.56834pt too wide) in paragraph at lines 29--211
 [] 
 []


LaTeX Font Warning: Font shape `OT1/cmss/m/scit' undefined
(Font)              using `OT1/cmss/m/sc' instead on input line 211.


LaTeX Font Warning: Font shape `OT1/cmss/m/scit' undefined
(Font)              using `OT1/cmss/m/sc' instead on input line 211.

[6

]

LaTeX Font Warning: Font shape `OT1/cmss/m/scit' undefined
(Font)              using `OT1/cmss/m/sc' instead on input line 239.


LaTeX Font Warning: Font shape `OT1/cmss/m/scit' undefined
(Font)              using `OT1/cmss/m/sc' instead on input line 239.


LaTeX Font Warning: Font shape `OT1/cmss/m/scit' undefined
(Font)              using `OT1/cmss/m/sc' instead on input line 239.


LaTeX Font Warning: Font shape `OT1/cmss/m/scit' undefined
(Font)              using `OT1/cmss/m/sc' instead on input line 239.


LaTeX Font Warning: Font shape `OT1/cmss/m/scit' undefined
(Font)              using `OT1/cmss/m/sc' instead on input line 239.

[7

]

LaTeX Font Warning: Font shape `OT1/cmss/m/scit' undefined
(Font)              using `OT1/cmss/m/sc' instead on input line 239.


LaTeX Font Warning: Font shape `OT1/cmss/m/scit' undefined
(Font)              using `OT1/cmss/m/sc' instead on input line 239.


LaTeX Font Warning: Font shape `OT1/cmss/m/scit' undefined
(Font)              using `OT1/cmss/m/sc' instead on input line 239.


LaTeX Font Warning: Font shape `OT1/cmss/m/scit' undefined
(Font)              using `OT1/cmss/m/sc' instead on input line 239.


LaTeX Font Warning: Font shape `OT1/cmss/m/scit' undefined
(Font)              using `OT1/cmss/m/sc' instead on input line 239.

[8

]

LaTeX Font Warning: Font shape `OT1/cmss/m/scit' undefined
(Font)              using `OT1/cmss/m/sc' instead on input line 239.


LaTeX Font Warning: Font shape `OT1/cmss/m/scit' undefined
(Font)              using `OT1/cmss/m/sc' instead on input line 239.


LaTeX Font Warning: Font shape `OT1/cmss/m/scit' undefined
(Font)              using `OT1/cmss/m/sc' instead on input line 239.


LaTeX Font Warning: Font shape `OT1/cmss/m/scit' undefined
(Font)              using `OT1/cmss/m/sc' instead on input line 239.


LaTeX Font Warning: Font shape `OT1/cmss/m/scit' undefined
(Font)              using `OT1/cmss/m/sc' instead on input line 239.

[9

]

LaTeX Font Warning: Font shape `OT1/cmss/m/scit' undefined
(Font)              using `OT1/cmss/m/sc' instead on input line 239.


LaTeX Font Warning: Font shape `OT1/cmss/m/scit' undefined
(Font)              using `OT1/cmss/m/sc' instead on input line 239.


LaTeX Font Warning: Font shape `OT1/cmss/m/scit' undefined
(Font)              using `OT1/cmss/m/sc' instead on input line 239.


LaTeX Font Warning: Font shape `OT1/cmss/m/scit' undefined
(Font)              using `OT1/cmss/m/sc' instead on input line 239.


LaTeX Font Warning: Font shape `OT1/cmss/m/scit' undefined
(Font)              using `OT1/cmss/m/sc' instead on input line 239.

[10

]

LaTeX Font Warning: Font shape `OT1/cmss/m/sc' in size <10> not available
(Font)              Font shape `OT1/cmr/m/sc' tried instead on input line 265.


LaTeX Font Warning: Font shape `OT1/cmss/m/sc' in size <9> not available
(Font)              Font shape `OT1/cmr/m/sc' tried instead on input line 265.

[11

] [12

] [13

]

LaTeX Font Warning: Font shape `OT1/cmss/m/scit' undefined
(Font)              using `OT1/cmss/m/sc' instead on input line 310.


LaTeX Font Warning: Font shape `OT1/cmss/m/scit' undefined
(Font)              using `OT1/cmss/m/sc' instead on input line 310.

(./tikz/christofides-serdyukov/christofides-serdyukov_illustration0.tex)
Overfull \hbox (18.89435pt too wide) in paragraph at lines 28--310
 [] 
 []

(./tikz/christofides-serdyukov/christofides-serdyukov_illustration1.tex)
Overfull \hbox (18.89435pt too wide) in paragraph at lines 28--310
 [] 
 []

(./tikz/christofides-serdyukov/christofides-serdyukov_illustration2.tex)
Overfull \hbox (18.89435pt too wide) in paragraph at lines 28--310
 [] 
 []

(./tikz/christofides-serdyukov/christofides-serdyukov_illustration2_0.tex)
Overfull \hbox (18.89435pt too wide) in paragraph at lines 30--310
 [] 
 []

(./tikz/christofides-serdyukov/christofides-serdyukov_illustration2_1.tex)
Overfull \hbox (18.89435pt too wide) in paragraph at lines 30--310
 [] 
 []

(./tikz/christofides-serdyukov/christofides-serdyukov_illustration2_2.tex)
Overfull \hbox (18.89435pt too wide) in paragraph at lines 30--310
 [] 
 []

(./tikz/christofides-serdyukov/christofides-serdyukov_illustration2_3.tex)
Overfull \hbox (18.89435pt too wide) in paragraph at lines 30--310
 [] 
 []

(./tikz/christofides-serdyukov/christofides-serdyukov_illustration2_4.tex)
Overfull \hbox (18.89435pt too wide) in paragraph at lines 30--310
 [] 
 []

(./tikz/christofides-serdyukov/christofides-serdyukov_illustration2_5.tex)
Overfull \hbox (18.89435pt too wide) in paragraph at lines 30--310
 [] 
 []

(./tikz/christofides-serdyukov/christofides-serdyukov_illustration2_6.tex)
Overfull \hbox (18.89435pt too wide) in paragraph at lines 30--310
 [] 
 []

(./tikz/christofides-serdyukov/christofides-serdyukov_illustration3.tex)
Overfull \hbox (18.89435pt too wide) in paragraph at lines 30--310
 [] 
 []

[14

]

LaTeX Font Warning: Font shape `OT1/cmss/m/scit' undefined
(Font)              using `OT1/cmss/m/sc' instead on input line 310.


LaTeX Font Warning: Font shape `OT1/cmss/m/scit' undefined
(Font)              using `OT1/cmss/m/sc' instead on input line 310.

(./tikz/christofides-serdyukov/christofides-serdyukov_illustration0.tex)
Overfull \hbox (18.89435pt too wide) in paragraph at lines 28--310
 [] 
 []

(./tikz/christofides-serdyukov/christofides-serdyukov_illustration1.tex)
Overfull \hbox (18.89435pt too wide) in paragraph at lines 28--310
 [] 
 []

(./tikz/christofides-serdyukov/christofides-serdyukov_illustration2.tex)
Overfull \hbox (18.89435pt too wide) in paragraph at lines 28--310
 [] 
 []

(./tikz/christofides-serdyukov/christofides-serdyukov_illustration2_0.tex)
Overfull \hbox (18.89435pt too wide) in paragraph at lines 30--310
 [] 
 []

(./tikz/christofides-serdyukov/christofides-serdyukov_illustration2_1.tex)
Overfull \hbox (18.89435pt too wide) in paragraph at lines 30--310
 [] 
 []

(./tikz/christofides-serdyukov/christofides-serdyukov_illustration2_2.tex)
Overfull \hbox (18.89435pt too wide) in paragraph at lines 30--310
 [] 
 []

(./tikz/christofides-serdyukov/christofides-serdyukov_illustration2_3.tex)
Overfull \hbox (18.89435pt too wide) in paragraph at lines 30--310
 [] 
 []

(./tikz/christofides-serdyukov/christofides-serdyukov_illustration2_4.tex)
Overfull \hbox (18.89435pt too wide) in paragraph at lines 30--310
 [] 
 []

(./tikz/christofides-serdyukov/christofides-serdyukov_illustration2_5.tex)
Overfull \hbox (18.89435pt too wide) in paragraph at lines 30--310
 [] 
 []

(./tikz/christofides-serdyukov/christofides-serdyukov_illustration2_6.tex)
Overfull \hbox (18.89435pt too wide) in paragraph at lines 30--310
 [] 
 []

(./tikz/christofides-serdyukov/christofides-serdyukov_illustration3.tex)
Overfull \hbox (18.89435pt too wide) in paragraph at lines 30--310
 [] 
 []

[15

]

LaTeX Font Warning: Font shape `OT1/cmss/m/scit' undefined
(Font)              using `OT1/cmss/m/sc' instead on input line 310.


LaTeX Font Warning: Font shape `OT1/cmss/m/scit' undefined
(Font)              using `OT1/cmss/m/sc' instead on input line 310.

(./tikz/christofides-serdyukov/christofides-serdyukov_illustration0.tex)
Overfull \hbox (18.89435pt too wide) in paragraph at lines 28--310
 [] 
 []

(./tikz/christofides-serdyukov/christofides-serdyukov_illustration1.tex)
Overfull \hbox (18.89435pt too wide) in paragraph at lines 28--310
 [] 
 []

(./tikz/christofides-serdyukov/christofides-serdyukov_illustration2.tex)
Overfull \hbox (18.89435pt too wide) in paragraph at lines 28--310
 [] 
 []

(./tikz/christofides-serdyukov/christofides-serdyukov_illustration2_0.tex)
Overfull \hbox (18.89435pt too wide) in paragraph at lines 30--310
 [] 
 []

(./tikz/christofides-serdyukov/christofides-serdyukov_illustration2_1.tex)
Overfull \hbox (18.89435pt too wide) in paragraph at lines 30--310
 [] 
 []

(./tikz/christofides-serdyukov/christofides-serdyukov_illustration2_2.tex)
Overfull \hbox (18.89435pt too wide) in paragraph at lines 30--310
 [] 
 []

(./tikz/christofides-serdyukov/christofides-serdyukov_illustration2_3.tex)
Overfull \hbox (18.89435pt too wide) in paragraph at lines 30--310
 [] 
 []

(./tikz/christofides-serdyukov/christofides-serdyukov_illustration2_4.tex)
Overfull \hbox (18.89435pt too wide) in paragraph at lines 30--310
 [] 
 []

(./tikz/christofides-serdyukov/christofides-serdyukov_illustration2_5.tex)
Overfull \hbox (18.89435pt too wide) in paragraph at lines 30--310
 [] 
 []

(./tikz/christofides-serdyukov/christofides-serdyukov_illustration2_6.tex)
Overfull \hbox (18.89435pt too wide) in paragraph at lines 30--310
 [] 
 []

(./tikz/christofides-serdyukov/christofides-serdyukov_illustration3.tex)
Overfull \hbox (18.89435pt too wide) in paragraph at lines 30--310
 [] 
 []

[16

]

LaTeX Font Warning: Font shape `OT1/cmss/m/scit' undefined
(Font)              using `OT1/cmss/m/sc' instead on input line 310.


LaTeX Font Warning: Font shape `OT1/cmss/m/scit' undefined
(Font)              using `OT1/cmss/m/sc' instead on input line 310.

(./tikz/christofides-serdyukov/christofides-serdyukov_illustration0.tex)
Overfull \hbox (18.89435pt too wide) in paragraph at lines 28--310
 [] 
 []

(./tikz/christofides-serdyukov/christofides-serdyukov_illustration1.tex)
Overfull \hbox (18.89435pt too wide) in paragraph at lines 28--310
 [] 
 []

(./tikz/christofides-serdyukov/christofides-serdyukov_illustration2.tex)
Overfull \hbox (18.89435pt too wide) in paragraph at lines 28--310
 [] 
 []

(./tikz/christofides-serdyukov/christofides-serdyukov_illustration2_0.tex)
Overfull \hbox (18.89435pt too wide) in paragraph at lines 30--310
 [] 
 []

(./tikz/christofides-serdyukov/christofides-serdyukov_illustration2_1.tex)
Overfull \hbox (18.89435pt too wide) in paragraph at lines 30--310
 [] 
 []

(./tikz/christofides-serdyukov/christofides-serdyukov_illustration2_2.tex)
Overfull \hbox (18.89435pt too wide) in paragraph at lines 30--310
 [] 
 []

(./tikz/christofides-serdyukov/christofides-serdyukov_illustration2_3.tex)
Overfull \hbox (18.89435pt too wide) in paragraph at lines 30--310
 [] 
 []

(./tikz/christofides-serdyukov/christofides-serdyukov_illustration2_4.tex)
Overfull \hbox (18.89435pt too wide) in paragraph at lines 30--310
 [] 
 []

(./tikz/christofides-serdyukov/christofides-serdyukov_illustration2_5.tex)
Overfull \hbox (18.89435pt too wide) in paragraph at lines 30--310
 [] 
 []

(./tikz/christofides-serdyukov/christofides-serdyukov_illustration2_6.tex)
Overfull \hbox (18.89435pt too wide) in paragraph at lines 30--310
 [] 
 []

(./tikz/christofides-serdyukov/christofides-serdyukov_illustration3.tex)
Overfull \hbox (18.89435pt too wide) in paragraph at lines 30--310
 [] 
 []

[17

]

LaTeX Font Warning: Font shape `OT1/cmss/m/scit' undefined
(Font)              using `OT1/cmss/m/sc' instead on input line 310.


LaTeX Font Warning: Font shape `OT1/cmss/m/scit' undefined
(Font)              using `OT1/cmss/m/sc' instead on input line 310.

(./tikz/christofides-serdyukov/christofides-serdyukov_illustration0.tex)
Overfull \hbox (18.89435pt too wide) in paragraph at lines 28--310
 [] 
 []

(./tikz/christofides-serdyukov/christofides-serdyukov_illustration1.tex)
Overfull \hbox (18.89435pt too wide) in paragraph at lines 28--310
 [] 
 []

(./tikz/christofides-serdyukov/christofides-serdyukov_illustration2.tex)
Overfull \hbox (18.89435pt too wide) in paragraph at lines 28--310
 [] 
 []

(./tikz/christofides-serdyukov/christofides-serdyukov_illustration2_0.tex)
Overfull \hbox (18.89435pt too wide) in paragraph at lines 30--310
 [] 
 []

(./tikz/christofides-serdyukov/christofides-serdyukov_illustration2_1.tex)
Overfull \hbox (18.89435pt too wide) in paragraph at lines 30--310
 [] 
 []

(./tikz/christofides-serdyukov/christofides-serdyukov_illustration2_2.tex)
Overfull \hbox (18.89435pt too wide) in paragraph at lines 30--310
 [] 
 []

(./tikz/christofides-serdyukov/christofides-serdyukov_illustration2_3.tex)
Overfull \hbox (18.89435pt too wide) in paragraph at lines 30--310
 [] 
 []

(./tikz/christofides-serdyukov/christofides-serdyukov_illustration2_4.tex)
Overfull \hbox (18.89435pt too wide) in paragraph at lines 30--310
 [] 
 []

(./tikz/christofides-serdyukov/christofides-serdyukov_illustration2_5.tex)
Overfull \hbox (18.89435pt too wide) in paragraph at lines 30--310
 [] 
 []

(./tikz/christofides-serdyukov/christofides-serdyukov_illustration2_6.tex)
Overfull \hbox (18.89435pt too wide) in paragraph at lines 30--310
 [] 
 []

(./tikz/christofides-serdyukov/christofides-serdyukov_illustration3.tex)
Overfull \hbox (18.89435pt too wide) in paragraph at lines 30--310
 [] 
 []

[18

]

LaTeX Font Warning: Font shape `OT1/cmss/m/scit' undefined
(Font)              using `OT1/cmss/m/sc' instead on input line 310.


LaTeX Font Warning: Font shape `OT1/cmss/m/scit' undefined
(Font)              using `OT1/cmss/m/sc' instead on input line 310.

(./tikz/christofides-serdyukov/christofides-serdyukov_illustration0.tex)
Overfull \hbox (18.89435pt too wide) in paragraph at lines 28--310
 [] 
 []

(./tikz/christofides-serdyukov/christofides-serdyukov_illustration1.tex)
Overfull \hbox (18.89435pt too wide) in paragraph at lines 28--310
 [] 
 []

(./tikz/christofides-serdyukov/christofides-serdyukov_illustration2.tex)
Overfull \hbox (18.89435pt too wide) in paragraph at lines 28--310
 [] 
 []

(./tikz/christofides-serdyukov/christofides-serdyukov_illustration2_0.tex)
Overfull \hbox (18.89435pt too wide) in paragraph at lines 30--310
 [] 
 []

(./tikz/christofides-serdyukov/christofides-serdyukov_illustration2_1.tex)
Overfull \hbox (18.89435pt too wide) in paragraph at lines 30--310
 [] 
 []

(./tikz/christofides-serdyukov/christofides-serdyukov_illustration2_2.tex)
Overfull \hbox (18.89435pt too wide) in paragraph at lines 30--310
 [] 
 []

(./tikz/christofides-serdyukov/christofides-serdyukov_illustration2_3.tex)
Overfull \hbox (18.89435pt too wide) in paragraph at lines 30--310
 [] 
 []

(./tikz/christofides-serdyukov/christofides-serdyukov_illustration2_4.tex)
Overfull \hbox (18.89435pt too wide) in paragraph at lines 30--310
 [] 
 []

(./tikz/christofides-serdyukov/christofides-serdyukov_illustration2_5.tex)
Overfull \hbox (18.89435pt too wide) in paragraph at lines 30--310
 [] 
 []

(./tikz/christofides-serdyukov/christofides-serdyukov_illustration2_6.tex)
Overfull \hbox (18.89435pt too wide) in paragraph at lines 30--310
 [] 
 []

(./tikz/christofides-serdyukov/christofides-serdyukov_illustration3.tex)
Overfull \hbox (18.89435pt too wide) in paragraph at lines 30--310
 [] 
 []

[19

]

LaTeX Font Warning: Font shape `OT1/cmss/m/scit' undefined
(Font)              using `OT1/cmss/m/sc' instead on input line 310.


LaTeX Font Warning: Font shape `OT1/cmss/m/scit' undefined
(Font)              using `OT1/cmss/m/sc' instead on input line 310.

(./tikz/christofides-serdyukov/christofides-serdyukov_illustration0.tex)
Overfull \hbox (18.89435pt too wide) in paragraph at lines 28--310
 [] 
 []

(./tikz/christofides-serdyukov/christofides-serdyukov_illustration1.tex)
Overfull \hbox (18.89435pt too wide) in paragraph at lines 28--310
 [] 
 []

(./tikz/christofides-serdyukov/christofides-serdyukov_illustration2.tex)
Overfull \hbox (18.89435pt too wide) in paragraph at lines 28--310
 [] 
 []

(./tikz/christofides-serdyukov/christofides-serdyukov_illustration2_0.tex)
Overfull \hbox (18.89435pt too wide) in paragraph at lines 30--310
 [] 
 []

(./tikz/christofides-serdyukov/christofides-serdyukov_illustration2_1.tex)
Overfull \hbox (18.89435pt too wide) in paragraph at lines 30--310
 [] 
 []

(./tikz/christofides-serdyukov/christofides-serdyukov_illustration2_2.tex)
Overfull \hbox (18.89435pt too wide) in paragraph at lines 30--310
 [] 
 []

(./tikz/christofides-serdyukov/christofides-serdyukov_illustration2_3.tex)
Overfull \hbox (18.89435pt too wide) in paragraph at lines 30--310
 [] 
 []

(./tikz/christofides-serdyukov/christofides-serdyukov_illustration2_4.tex)
Overfull \hbox (18.89435pt too wide) in paragraph at lines 30--310
 [] 
 []

(./tikz/christofides-serdyukov/christofides-serdyukov_illustration2_5.tex)
Overfull \hbox (18.89435pt too wide) in paragraph at lines 30--310
 [] 
 []

(./tikz/christofides-serdyukov/christofides-serdyukov_illustration2_6.tex)
Overfull \hbox (18.89435pt too wide) in paragraph at lines 30--310
 [] 
 []

(./tikz/christofides-serdyukov/christofides-serdyukov_illustration3.tex)
Overfull \hbox (18.89435pt too wide) in paragraph at lines 30--310
 [] 
 []

[20

]

LaTeX Font Warning: Font shape `OT1/cmss/m/scit' undefined
(Font)              using `OT1/cmss/m/sc' instead on input line 310.


LaTeX Font Warning: Font shape `OT1/cmss/m/scit' undefined
(Font)              using `OT1/cmss/m/sc' instead on input line 310.

(./tikz/christofides-serdyukov/christofides-serdyukov_illustration0.tex)
Overfull \hbox (18.89435pt too wide) in paragraph at lines 28--310
 [] 
 []

(./tikz/christofides-serdyukov/christofides-serdyukov_illustration1.tex)
Overfull \hbox (18.89435pt too wide) in paragraph at lines 28--310
 [] 
 []

(./tikz/christofides-serdyukov/christofides-serdyukov_illustration2.tex)
Overfull \hbox (18.89435pt too wide) in paragraph at lines 28--310
 [] 
 []

(./tikz/christofides-serdyukov/christofides-serdyukov_illustration2_0.tex)
Overfull \hbox (18.89435pt too wide) in paragraph at lines 30--310
 [] 
 []

(./tikz/christofides-serdyukov/christofides-serdyukov_illustration2_1.tex)
Overfull \hbox (18.89435pt too wide) in paragraph at lines 30--310
 [] 
 []

(./tikz/christofides-serdyukov/christofides-serdyukov_illustration2_2.tex)
Overfull \hbox (18.89435pt too wide) in paragraph at lines 30--310
 [] 
 []

(./tikz/christofides-serdyukov/christofides-serdyukov_illustration2_3.tex)
Overfull \hbox (18.89435pt too wide) in paragraph at lines 30--310
 [] 
 []

(./tikz/christofides-serdyukov/christofides-serdyukov_illustration2_4.tex)
Overfull \hbox (18.89435pt too wide) in paragraph at lines 30--310
 [] 
 []

(./tikz/christofides-serdyukov/christofides-serdyukov_illustration2_5.tex)
Overfull \hbox (18.89435pt too wide) in paragraph at lines 30--310
 [] 
 []

(./tikz/christofides-serdyukov/christofides-serdyukov_illustration2_6.tex)
Overfull \hbox (18.89435pt too wide) in paragraph at lines 30--310
 [] 
 []

(./tikz/christofides-serdyukov/christofides-serdyukov_illustration3.tex)
Overfull \hbox (18.89435pt too wide) in paragraph at lines 30--310
 [] 
 []

[21

]

LaTeX Font Warning: Font shape `OT1/cmss/m/scit' undefined
(Font)              using `OT1/cmss/m/sc' instead on input line 310.


LaTeX Font Warning: Font shape `OT1/cmss/m/scit' undefined
(Font)              using `OT1/cmss/m/sc' instead on input line 310.

(./tikz/christofides-serdyukov/christofides-serdyukov_illustration0.tex)
Overfull \hbox (18.89435pt too wide) in paragraph at lines 28--310
 [] 
 []

(./tikz/christofides-serdyukov/christofides-serdyukov_illustration1.tex)
Overfull \hbox (18.89435pt too wide) in paragraph at lines 28--310
 [] 
 []

(./tikz/christofides-serdyukov/christofides-serdyukov_illustration2.tex)
Overfull \hbox (18.89435pt too wide) in paragraph at lines 28--310
 [] 
 []

(./tikz/christofides-serdyukov/christofides-serdyukov_illustration2_0.tex)
Overfull \hbox (18.89435pt too wide) in paragraph at lines 30--310
 [] 
 []

(./tikz/christofides-serdyukov/christofides-serdyukov_illustration2_1.tex)
Overfull \hbox (18.89435pt too wide) in paragraph at lines 30--310
 [] 
 []

(./tikz/christofides-serdyukov/christofides-serdyukov_illustration2_2.tex)
Overfull \hbox (18.89435pt too wide) in paragraph at lines 30--310
 [] 
 []

(./tikz/christofides-serdyukov/christofides-serdyukov_illustration2_3.tex)
Overfull \hbox (18.89435pt too wide) in paragraph at lines 30--310
 [] 
 []

(./tikz/christofides-serdyukov/christofides-serdyukov_illustration2_4.tex)
Overfull \hbox (18.89435pt too wide) in paragraph at lines 30--310
 [] 
 []

(./tikz/christofides-serdyukov/christofides-serdyukov_illustration2_5.tex)
Overfull \hbox (18.89435pt too wide) in paragraph at lines 30--310
 [] 
 []

(./tikz/christofides-serdyukov/christofides-serdyukov_illustration2_6.tex)
Overfull \hbox (18.89435pt too wide) in paragraph at lines 30--310
 [] 
 []

(./tikz/christofides-serdyukov/christofides-serdyukov_illustration3.tex)
Overfull \hbox (18.89435pt too wide) in paragraph at lines 30--310
 [] 
 []

[22

]

LaTeX Font Warning: Font shape `OT1/cmss/m/scit' undefined
(Font)              using `OT1/cmss/m/sc' instead on input line 310.


LaTeX Font Warning: Font shape `OT1/cmss/m/scit' undefined
(Font)              using `OT1/cmss/m/sc' instead on input line 310.

(./tikz/christofides-serdyukov/christofides-serdyukov_illustration0.tex)
Overfull \hbox (18.89435pt too wide) in paragraph at lines 28--310
 [] 
 []

(./tikz/christofides-serdyukov/christofides-serdyukov_illustration1.tex)
Overfull \hbox (18.89435pt too wide) in paragraph at lines 28--310
 [] 
 []

(./tikz/christofides-serdyukov/christofides-serdyukov_illustration2.tex)
Overfull \hbox (18.89435pt too wide) in paragraph at lines 28--310
 [] 
 []

(./tikz/christofides-serdyukov/christofides-serdyukov_illustration2_0.tex)
Overfull \hbox (18.89435pt too wide) in paragraph at lines 30--310
 [] 
 []

(./tikz/christofides-serdyukov/christofides-serdyukov_illustration2_1.tex)
Overfull \hbox (18.89435pt too wide) in paragraph at lines 30--310
 [] 
 []

(./tikz/christofides-serdyukov/christofides-serdyukov_illustration2_2.tex)
Overfull \hbox (18.89435pt too wide) in paragraph at lines 30--310
 [] 
 []

(./tikz/christofides-serdyukov/christofides-serdyukov_illustration2_3.tex)
Overfull \hbox (18.89435pt too wide) in paragraph at lines 30--310
 [] 
 []

(./tikz/christofides-serdyukov/christofides-serdyukov_illustration2_4.tex)
Overfull \hbox (18.89435pt too wide) in paragraph at lines 30--310
 [] 
 []

(./tikz/christofides-serdyukov/christofides-serdyukov_illustration2_5.tex)
Overfull \hbox (18.89435pt too wide) in paragraph at lines 30--310
 [] 
 []

(./tikz/christofides-serdyukov/christofides-serdyukov_illustration2_6.tex)
Overfull \hbox (18.89435pt too wide) in paragraph at lines 30--310
 [] 
 []

(./tikz/christofides-serdyukov/christofides-serdyukov_illustration3.tex)
Overfull \hbox (18.89435pt too wide) in paragraph at lines 30--310
 [] 
 []

[23

]

LaTeX Font Warning: Font shape `OT1/cmss/m/scit' undefined
(Font)              using `OT1/cmss/m/sc' instead on input line 310.


LaTeX Font Warning: Font shape `OT1/cmss/m/scit' undefined
(Font)              using `OT1/cmss/m/sc' instead on input line 310.

(./tikz/christofides-serdyukov/christofides-serdyukov_illustration0.tex)
Overfull \hbox (18.89435pt too wide) in paragraph at lines 28--310
 [] 
 []

(./tikz/christofides-serdyukov/christofides-serdyukov_illustration1.tex)
Overfull \hbox (18.89435pt too wide) in paragraph at lines 28--310
 [] 
 []

(./tikz/christofides-serdyukov/christofides-serdyukov_illustration2.tex)
Overfull \hbox (18.89435pt too wide) in paragraph at lines 28--310
 [] 
 []

(./tikz/christofides-serdyukov/christofides-serdyukov_illustration2_0.tex)
Overfull \hbox (18.89435pt too wide) in paragraph at lines 30--310
 [] 
 []

(./tikz/christofides-serdyukov/christofides-serdyukov_illustration2_1.tex)
Overfull \hbox (18.89435pt too wide) in paragraph at lines 30--310
 [] 
 []

(./tikz/christofides-serdyukov/christofides-serdyukov_illustration2_2.tex)
Overfull \hbox (18.89435pt too wide) in paragraph at lines 30--310
 [] 
 []

(./tikz/christofides-serdyukov/christofides-serdyukov_illustration2_3.tex)
Overfull \hbox (18.89435pt too wide) in paragraph at lines 30--310
 [] 
 []

(./tikz/christofides-serdyukov/christofides-serdyukov_illustration2_4.tex)
Overfull \hbox (18.89435pt too wide) in paragraph at lines 30--310
 [] 
 []

(./tikz/christofides-serdyukov/christofides-serdyukov_illustration2_5.tex)
Overfull \hbox (18.89435pt too wide) in paragraph at lines 30--310
 [] 
 []

(./tikz/christofides-serdyukov/christofides-serdyukov_illustration2_6.tex)
Overfull \hbox (18.89435pt too wide) in paragraph at lines 30--310
 [] 
 []

(./tikz/christofides-serdyukov/christofides-serdyukov_illustration3.tex)
Overfull \hbox (18.89435pt too wide) in paragraph at lines 30--310
 [] 
 []

[24

]

LaTeX Font Warning: Font shape `OT1/cmss/m/scit' undefined
(Font)              using `OT1/cmss/m/sc' instead on input line 310.


LaTeX Font Warning: Font shape `OT1/cmss/m/scit' undefined
(Font)              using `OT1/cmss/m/sc' instead on input line 310.

(./tikz/christofides-serdyukov/christofides-serdyukov_illustration0.tex)
Overfull \hbox (18.89435pt too wide) in paragraph at lines 28--310
 [] 
 []

(./tikz/christofides-serdyukov/christofides-serdyukov_illustration1.tex)
Overfull \hbox (18.89435pt too wide) in paragraph at lines 28--310
 [] 
 []

(./tikz/christofides-serdyukov/christofides-serdyukov_illustration2.tex)
Overfull \hbox (18.89435pt too wide) in paragraph at lines 28--310
 [] 
 []

(./tikz/christofides-serdyukov/christofides-serdyukov_illustration2_0.tex)
Overfull \hbox (18.89435pt too wide) in paragraph at lines 30--310
 [] 
 []

(./tikz/christofides-serdyukov/christofides-serdyukov_illustration2_1.tex)
Overfull \hbox (18.89435pt too wide) in paragraph at lines 30--310
 [] 
 []

(./tikz/christofides-serdyukov/christofides-serdyukov_illustration2_2.tex)
Overfull \hbox (18.89435pt too wide) in paragraph at lines 30--310
 [] 
 []

(./tikz/christofides-serdyukov/christofides-serdyukov_illustration2_3.tex)
Overfull \hbox (18.89435pt too wide) in paragraph at lines 30--310
 [] 
 []

(./tikz/christofides-serdyukov/christofides-serdyukov_illustration2_4.tex)
Overfull \hbox (18.89435pt too wide) in paragraph at lines 30--310
 [] 
 []

(./tikz/christofides-serdyukov/christofides-serdyukov_illustration2_5.tex)
Overfull \hbox (18.89435pt too wide) in paragraph at lines 30--310
 [] 
 []

(./tikz/christofides-serdyukov/christofides-serdyukov_illustration2_6.tex)
Overfull \hbox (18.89435pt too wide) in paragraph at lines 30--310
 [] 
 []

(./tikz/christofides-serdyukov/christofides-serdyukov_illustration3.tex)
Overfull \hbox (18.89435pt too wide) in paragraph at lines 30--310
 [] 
 []

[25

] [26

] (./tikz/l-reduction/l-reduction_illustration.tex)
Overfull \hbox (35.50352pt too wide) in paragraph at lines 23--366
 [] 
 []

[27

] (./tikz/l-reduction/l-reduction_illustration.tex)
Overfull \hbox (35.50352pt too wide) in paragraph at lines 23--366
 [] 
 []

[28

] (./tikz/l-reduction/G_illustration_f.tex)
Overfull \hbox (42.18486pt too wide) in paragraph at lines 419--419
[] 
 []

(./tikz/l-reduction/H_illustration_f.tex) [29

] (./tikz/l-reduction/G_illustration_f.tex)
Overfull \hbox (42.18486pt too wide) in paragraph at lines 419--419
[] 
 []

(./tikz/l-reduction/H_illustration_f.tex) [30

] (./tikz/l-reduction/G_illustration_f.tex)
Overfull \hbox (42.18486pt too wide) in paragraph at lines 419--419
[] 
 []

(./tikz/l-reduction/H_illustration_f.tex) [31

] (./tikz/l-reduction/G_illustration_f.tex)
Overfull \hbox (42.18486pt too wide) in paragraph at lines 419--419
[] 
 []

(./tikz/l-reduction/H_illustration_f.tex) [32

] (./tikz/l-reduction/G_illustration_f.tex)
Overfull \hbox (42.18486pt too wide) in paragraph at lines 419--419
[] 
 []

(./tikz/l-reduction/H_illustration_f.tex) [33

] (./tikz/l-reduction/G_illustration_f.tex)
Overfull \hbox (42.18486pt too wide) in paragraph at lines 419--419
[] 
 []

(./tikz/l-reduction/H_illustration_f.tex) [34

] (./tikz/l-reduction/G_illustration_g.tex)
Overfull \hbox (42.18486pt too wide) in paragraph at lines 471--471
[] 
 []

(./tikz/l-reduction/H_illustration_g.tex) [35

] (./tikz/l-reduction/G_illustration_g.tex)
Overfull \hbox (42.18486pt too wide) in paragraph at lines 471--471
[] 
 []

(./tikz/l-reduction/H_illustration_g.tex) [36

] (./tikz/l-reduction/G_illustration_g.tex)
Overfull \hbox (42.18486pt too wide) in paragraph at lines 471--471
[] 
 []

(./tikz/l-reduction/H_illustration_g.tex) [37

] [38

] [39

] [40

] [41

] [42

 </usr/share/texlive/texmf-dist/tex/latex/beamer/beamericonarticle.pdf>] [43


]

Package hyperref Warning: Token not allowed in a PDF string (Unicode):
(hyperref)                removing `\translate ' on input line 526.

\c@framenumberappendix=\count507
[44

] [45

]

LaTeX Font Warning: Font shape `OT1/cmss/m/scit' undefined
(Font)              using `OT1/cmss/m/sc' instead on input line 647.


LaTeX Font Warning: Font shape `OT1/cmss/m/scit' undefined
(Font)              using `OT1/cmss/m/sc' instead on input line 647.

(./tikz/doubletree/doubletree_illustration0.tex)
Overfull \hbox (18.89435pt too wide) in paragraph at lines 54--647
 [] 
 []

(./tikz/doubletree/doubletree_illustration1.tex)
Overfull \hbox (18.89435pt too wide) in paragraph at lines 31--647
 [] 
 []

(./tikz/doubletree/doubletree_illustration2.tex)
Overfull \hbox (18.89435pt too wide) in paragraph at lines 31--647
 [] 
 []

(./tikz/doubletree/doubletree_illustration3.tex)
Overfull \hbox (18.89435pt too wide) in paragraph at lines 31--647
 [] 
 []

[46

]

LaTeX Font Warning: Font shape `OT1/cmss/m/scit' undefined
(Font)              using `OT1/cmss/m/sc' instead on input line 647.


LaTeX Font Warning: Font shape `OT1/cmss/m/scit' undefined
(Font)              using `OT1/cmss/m/sc' instead on input line 647.

(./tikz/doubletree/doubletree_illustration0.tex)
Overfull \hbox (18.89435pt too wide) in paragraph at lines 54--647
 [] 
 []

(./tikz/doubletree/doubletree_illustration1.tex)
Overfull \hbox (18.89435pt too wide) in paragraph at lines 31--647
 [] 
 []

(./tikz/doubletree/doubletree_illustration2.tex)
Overfull \hbox (18.89435pt too wide) in paragraph at lines 31--647
 [] 
 []

(./tikz/doubletree/doubletree_illustration3.tex)
Overfull \hbox (18.89435pt too wide) in paragraph at lines 31--647
 [] 
 []

[47

]

LaTeX Font Warning: Font shape `OT1/cmss/m/scit' undefined
(Font)              using `OT1/cmss/m/sc' instead on input line 647.


LaTeX Font Warning: Font shape `OT1/cmss/m/scit' undefined
(Font)              using `OT1/cmss/m/sc' instead on input line 647.

(./tikz/doubletree/doubletree_illustration0.tex)
Overfull \hbox (18.89435pt too wide) in paragraph at lines 54--647
 [] 
 []

(./tikz/doubletree/doubletree_illustration1.tex)
Overfull \hbox (18.89435pt too wide) in paragraph at lines 31--647
 [] 
 []

(./tikz/doubletree/doubletree_illustration2.tex)
Overfull \hbox (18.89435pt too wide) in paragraph at lines 31--647
 [] 
 []

(./tikz/doubletree/doubletree_illustration3.tex)
Overfull \hbox (18.89435pt too wide) in paragraph at lines 31--647
 [] 
 []

[48

]

LaTeX Font Warning: Font shape `OT1/cmss/m/scit' undefined
(Font)              using `OT1/cmss/m/sc' instead on input line 647.


LaTeX Font Warning: Font shape `OT1/cmss/m/scit' undefined
(Font)              using `OT1/cmss/m/sc' instead on input line 647.

(./tikz/doubletree/doubletree_illustration0.tex)
Overfull \hbox (18.89435pt too wide) in paragraph at lines 54--647
 [] 
 []

(./tikz/doubletree/doubletree_illustration1.tex)
Overfull \hbox (18.89435pt too wide) in paragraph at lines 31--647
 [] 
 []

(./tikz/doubletree/doubletree_illustration2.tex)
Overfull \hbox (18.89435pt too wide) in paragraph at lines 31--647
 [] 
 []

(./tikz/doubletree/doubletree_illustration3.tex)
Overfull \hbox (18.89435pt too wide) in paragraph at lines 31--647
 [] 
 []

[49

]

LaTeX Font Warning: Font shape `OT1/cmss/m/scit' undefined
(Font)              using `OT1/cmss/m/sc' instead on input line 647.


LaTeX Font Warning: Font shape `OT1/cmss/m/scit' undefined
(Font)              using `OT1/cmss/m/sc' instead on input line 647.

(./tikz/doubletree/doubletree_illustration0.tex)
Overfull \hbox (18.89435pt too wide) in paragraph at lines 54--647
 [] 
 []

(./tikz/doubletree/doubletree_illustration1.tex)
Overfull \hbox (18.89435pt too wide) in paragraph at lines 31--647
 [] 
 []

(./tikz/doubletree/doubletree_illustration2.tex)
Overfull \hbox (18.89435pt too wide) in paragraph at lines 31--647
 [] 
 []

(./tikz/doubletree/doubletree_illustration3.tex)
Overfull \hbox (18.89435pt too wide) in paragraph at lines 31--647
 [] 
 []

[50

]

LaTeX Font Warning: Font shape `OT1/cmss/m/scit' undefined
(Font)              using `OT1/cmss/m/sc' instead on input line 647.


LaTeX Font Warning: Font shape `OT1/cmss/m/scit' undefined
(Font)              using `OT1/cmss/m/sc' instead on input line 647.

(./tikz/doubletree/doubletree_illustration0.tex)
Overfull \hbox (18.89435pt too wide) in paragraph at lines 54--647
 [] 
 []

(./tikz/doubletree/doubletree_illustration1.tex)
Overfull \hbox (18.89435pt too wide) in paragraph at lines 31--647
 [] 
 []

(./tikz/doubletree/doubletree_illustration2.tex)
Overfull \hbox (18.89435pt too wide) in paragraph at lines 31--647
 [] 
 []

(./tikz/doubletree/doubletree_illustration3.tex)
Overfull \hbox (18.89435pt too wide) in paragraph at lines 31--647
 [] 
 []

[51

]

LaTeX Font Warning: Font shape `OT1/cmss/m/scit' undefined
(Font)              using `OT1/cmss/m/sc' instead on input line 647.


LaTeX Font Warning: Font shape `OT1/cmss/m/scit' undefined
(Font)              using `OT1/cmss/m/sc' instead on input line 647.

(./tikz/doubletree/doubletree_illustration0.tex)
Overfull \hbox (18.89435pt too wide) in paragraph at lines 54--647
 [] 
 []

(./tikz/doubletree/doubletree_illustration1.tex)
Overfull \hbox (18.89435pt too wide) in paragraph at lines 31--647
 [] 
 []

(./tikz/doubletree/doubletree_illustration2.tex)
Overfull \hbox (18.89435pt too wide) in paragraph at lines 31--647
 [] 
 []

(./tikz/doubletree/doubletree_illustration3.tex)
Overfull \hbox (18.89435pt too wide) in paragraph at lines 31--647
 [] 
 []

[52

]

LaTeX Font Warning: Font shape `OT1/cmss/m/scit' undefined
(Font)              using `OT1/cmss/m/sc' instead on input line 647.


LaTeX Font Warning: Font shape `OT1/cmss/m/scit' undefined
(Font)              using `OT1/cmss/m/sc' instead on input line 647.

(./tikz/doubletree/doubletree_illustration0.tex)
Overfull \hbox (18.89435pt too wide) in paragraph at lines 54--647
 [] 
 []

(./tikz/doubletree/doubletree_illustration1.tex)
Overfull \hbox (18.89435pt too wide) in paragraph at lines 31--647
 [] 
 []

(./tikz/doubletree/doubletree_illustration2.tex)
Overfull \hbox (18.89435pt too wide) in paragraph at lines 31--647
 [] 
 []

(./tikz/doubletree/doubletree_illustration3.tex)
Overfull \hbox (18.89435pt too wide) in paragraph at lines 31--647
 [] 
 []

[53

]

LaTeX Font Warning: Font shape `OT1/cmss/m/scit' undefined
(Font)              using `OT1/cmss/m/sc' instead on input line 647.


LaTeX Font Warning: Font shape `OT1/cmss/m/scit' undefined
(Font)              using `OT1/cmss/m/sc' instead on input line 647.

(./tikz/doubletree/doubletree_illustration0.tex)
Overfull \hbox (18.89435pt too wide) in paragraph at lines 54--647
 [] 
 []

(./tikz/doubletree/doubletree_illustration1.tex)
Overfull \hbox (18.89435pt too wide) in paragraph at lines 31--647
 [] 
 []

(./tikz/doubletree/doubletree_illustration2.tex)
Overfull \hbox (18.89435pt too wide) in paragraph at lines 31--647
 [] 
 []

(./tikz/doubletree/doubletree_illustration3.tex)
Overfull \hbox (18.89435pt too wide) in paragraph at lines 31--647
 [] 
 []

[54

]

LaTeX Font Warning: Font shape `OT1/cmss/m/scit' undefined
(Font)              using `OT1/cmss/m/sc' instead on input line 647.


LaTeX Font Warning: Font shape `OT1/cmss/m/scit' undefined
(Font)              using `OT1/cmss/m/sc' instead on input line 647.

(./tikz/doubletree/doubletree_illustration0.tex)
Overfull \hbox (18.89435pt too wide) in paragraph at lines 54--647
 [] 
 []

(./tikz/doubletree/doubletree_illustration1.tex)
Overfull \hbox (18.89435pt too wide) in paragraph at lines 31--647
 [] 
 []

(./tikz/doubletree/doubletree_illustration2.tex)
Overfull \hbox (18.89435pt too wide) in paragraph at lines 31--647
 [] 
 []

(./tikz/doubletree/doubletree_illustration3.tex)
Overfull \hbox (18.89435pt too wide) in paragraph at lines 31--647
 [] 
 []

[55

]

LaTeX Font Warning: Font shape `OT1/cmss/m/scit' undefined
(Font)              using `OT1/cmss/m/sc' instead on input line 647.


LaTeX Font Warning: Font shape `OT1/cmss/m/scit' undefined
(Font)              using `OT1/cmss/m/sc' instead on input line 647.

(./tikz/doubletree/doubletree_illustration0.tex)
Overfull \hbox (18.89435pt too wide) in paragraph at lines 54--647
 [] 
 []

(./tikz/doubletree/doubletree_illustration1.tex)
Overfull \hbox (18.89435pt too wide) in paragraph at lines 31--647
 [] 
 []

(./tikz/doubletree/doubletree_illustration2.tex)
Overfull \hbox (18.89435pt too wide) in paragraph at lines 31--647
 [] 
 []

(./tikz/doubletree/doubletree_illustration3.tex)
Overfull \hbox (18.89435pt too wide) in paragraph at lines 31--647
 [] 
 []

[56

]

LaTeX Font Warning: Font shape `OT1/cmss/m/scit' undefined
(Font)              using `OT1/cmss/m/sc' instead on input line 647.


LaTeX Font Warning: Font shape `OT1/cmss/m/scit' undefined
(Font)              using `OT1/cmss/m/sc' instead on input line 647.

(./tikz/doubletree/doubletree_illustration0.tex)
Overfull \hbox (18.89435pt too wide) in paragraph at lines 54--647
 [] 
 []

(./tikz/doubletree/doubletree_illustration1.tex)
Overfull \hbox (18.89435pt too wide) in paragraph at lines 31--647
 [] 
 []

(./tikz/doubletree/doubletree_illustration2.tex)
Overfull \hbox (18.89435pt too wide) in paragraph at lines 31--647
 [] 
 []

(./tikz/doubletree/doubletree_illustration3.tex)
Overfull \hbox (18.89435pt too wide) in paragraph at lines 31--647
 [] 
 []

[57

]
\tf@nav=\write7
\openout7 = `tsp.nav'.

\tf@toc=\write8
\openout8 = `tsp.toc'.

\tf@snm=\write9
\openout9 = `tsp.snm'.

 (build/tsp.aux)
Package rerunfilecheck Info: File `tsp.out' has not changed.
(rerunfilecheck)             Checksum: EE5C8C062C5ABB6159EE6F477980C97A;174.
Package logreq Info: Writing requests to 'tsp.run.xml'.
\openout1 = `tsp.run.xml'.

 ) 
Here is how much of TeX's memory you used:
 36565 strings out of 479007
 750436 string characters out of 5866800
 1434122 words of memory out of 5000000
 53339 multiletter control sequences out of 15000+600000
 485726 words of font info for 87 fonts, out of 8000000 for 9000
 811 hyphenation exceptions out of 8191
 128i,23n,122p,1058b,1833s stack positions out of 5000i,500n,10000p,200000b,80000s
</usr/share/texlive/texmf-dist/fonts/type1/public/amsfonts/cm/cmcsc10.pfb></usr/share/texlive/texmf-dist/fonts/type1/public/amsfonts/cm/cmex10.pfb></usr/share/texlive/texmf-dist/fonts/type1/public/amsfonts/cm/cmmi10.pfb></usr/share/texlive/texmf-dist/fonts/type1/public/amsfonts/cm/cmss10.pfb></usr/share/texlive/texmf-dist/fonts/type1/public/amsfonts/cm/cmss12.pfb></usr/share/texlive/texmf-dist/fonts/type1/public/amsfonts/cm/cmss8.pfb></usr/share/texlive/texmf-dist/fonts/type1/public/amsfonts/cm/cmss9.pfb></usr/share/texlive/texmf-dist/fonts/type1/public/amsfonts/cm/cmssi10.pfb></usr/share/texlive/texmf-dist/fonts/type1/public/amsfonts/cm/cmssi8.pfb></usr/share/texlive/texmf-dist/fonts/type1/public/amsfonts/cm/cmssi9.pfb></usr/share/texlive/texmf-dist/fonts/type1/public/amsfonts/cm/cmsy10.pfb></usr/share/texlive/texmf-dist/fonts/type1/public/amsfonts/cm/cmsy6.pfb></usr/share/texlive/texmf-dist/fonts/type1/public/amsfonts/cm/cmsy8.pfb></usr/share/texlive/texmf-dist/fonts/type1/public/amsfonts/cm/cmsy9.pfb></usr/share/texlive/texmf-dist/fonts/type1/public/amsfonts/cm/cmtt10.pfb></usr/share/texlive/texmf-dist/fonts/type1/public/amsfonts/symbols/msam10.pfb></usr/share/texlive/texmf-dist/fonts/type1/public/amsfonts/symbols/msbm10.pfb>
Output written on build/tsp.pdf (57 pages, 408906 bytes).
PDF statistics:
 557 PDF objects out of 1000 (max. 8388607)
 448 compressed objects within 5 object streams
 127 named destinations out of 1000 (max. 500000)
 59 words of extra memory for PDF output out of 10000 (max. 10000000)

